Analysis & Elaboration report for Reborn
Sun Feb 28 13:14:27 2021
Quartus Prime Version 20.1.1 Build 720 11/11/2020 SJ Lite Edition


---------------------
; Table of Contents ;
---------------------
  1. Legal Notice
  2. Analysis & Elaboration Summary
  3. Parallel Compilation
  4. Parameter Settings for User Entity Instance: instr_decoder:decoder
  5. Analysis & Elaboration Settings
  6. Port Connectivity Checks: "instr_decoder:decoder"
  7. Analysis & Elaboration Messages



----------------
; Legal Notice ;
----------------
Copyright (C) 2020  Intel Corporation. All rights reserved.
Your use of Intel Corporation's design tools, logic functions 
and other software and tools, and any partner logic 
functions, and any output files from any of the foregoing 
(including device programming or simulation files), and any 
associated documentation or information are expressly subject 
to the terms and conditions of the Intel Program License 
Subscription Agreement, the Intel Quartus Prime License Agreement,
the Intel FPGA IP License Agreement, or other applicable license
agreement, including, without limitation, that your use is for
the sole purpose of programming logic devices manufactured by
Intel and sold by Intel or its authorized distributors.  Please
refer to the applicable agreement for further details, at
https://fpgasoftware.intel.com/eula.



+-----------------------------------------------------------------------------+
; Analysis & Elaboration Summary                                              ;
+-------------------------------+---------------------------------------------+
; Analysis & Elaboration Status ; Successful - Sun Feb 28 13:14:27 2021       ;
; Quartus Prime Version         ; 20.1.1 Build 720 11/11/2020 SJ Lite Edition ;
; Revision Name                 ; Reborn                                      ;
; Top-level Entity Name         ; instruction_decoder_tb                      ;
; Family                        ; Cyclone V                                   ;
; Logic utilization (in ALMs)   ; N/A until Partition Merge                   ;
; Total registers               ; N/A until Partition Merge                   ;
; Total pins                    ; N/A until Partition Merge                   ;
; Total virtual pins            ; N/A until Partition Merge                   ;
; Total block memory bits       ; N/A until Partition Merge                   ;
; Total PLLs                    ; N/A until Partition Merge                   ;
; Total DLLs                    ; N/A until Partition Merge                   ;
+-------------------------------+---------------------------------------------+


+------------------------------------------+
; Parallel Compilation                     ;
+----------------------------+-------------+
; Processors                 ; Number      ;
+----------------------------+-------------+
; Number detected on machine ; 8           ;
; Maximum allowed            ; 4           ;
;                            ;             ;
; Average used               ; 1.00        ;
; Maximum used               ; 1           ;
;                            ;             ;
; Usage by Processor         ; % Time Used ;
;     Processor 1            ; 100.0%      ;
+----------------------------+-------------+


+--------------------------------------------------------------------+
; Parameter Settings for User Entity Instance: instr_decoder:decoder ;
+----------------+-------+-------------------------------------------+
; Parameter Name ; Value ; Type                                      ;
+----------------+-------+-------------------------------------------+
; WIDTH          ; 32    ; Signed Integer                            ;
; OPCODE         ; 4     ; Signed Integer                            ;
; REGS_CODING    ; 3     ; Signed Integer                            ;
; FLAGS          ; 4     ; Signed Integer                            ;
; CARRY          ; 0     ; Signed Integer                            ;
; SIGN           ; 1     ; Signed Integer                            ;
; OVERFLOW       ; 2     ; Signed Integer                            ;
; ZERO           ; 3     ; Signed Integer                            ;
+----------------+-------+-------------------------------------------+
Note: In order to hide this table in the UI and the text report file, please set the "Show Parameter Settings in Synthesis Report" option in "Analysis and Synthesis Settings -> More Settings" to "Off".


+-------------------------------------------------------------------------------------------------------------------------------+
; Analysis & Elaboration Settings                                                                                               ;
+---------------------------------------------------------------------------------+------------------------+--------------------+
; Option                                                                          ; Setting                ; Default Value      ;
+---------------------------------------------------------------------------------+------------------------+--------------------+
; Device                                                                          ; 5CSEMA5F31C6           ;                    ;
; Top-level entity name                                                           ; instruction_decoder_tb ; Reborn             ;
; Family name                                                                     ; Cyclone V              ; Cyclone V          ;
; Use smart compilation                                                           ; Off                    ; Off                ;
; Enable parallel Assembler and Timing Analyzer during compilation                ; On                     ; On                 ;
; Enable compact report table                                                     ; Off                    ; Off                ;
; Restructure Multiplexers                                                        ; Auto                   ; Auto               ;
; MLAB Add Timing Constraints For Mixed-Port Feed-Through Mode Setting Don't Care ; Off                    ; Off                ;
; Create Debugging Nodes for IP Cores                                             ; Off                    ; Off                ;
; Preserve fewer node names                                                       ; On                     ; On                 ;
; Intel FPGA IP Evaluation Mode                                                   ; Enable                 ; Enable             ;
; Verilog Version                                                                 ; Verilog_2001           ; Verilog_2001       ;
; VHDL Version                                                                    ; VHDL_1993              ; VHDL_1993          ;
; State Machine Processing                                                        ; Auto                   ; Auto               ;
; Safe State Machine                                                              ; Off                    ; Off                ;
; Extract Verilog State Machines                                                  ; On                     ; On                 ;
; Extract VHDL State Machines                                                     ; On                     ; On                 ;
; Ignore Verilog initial constructs                                               ; Off                    ; Off                ;
; Iteration limit for constant Verilog loops                                      ; 5000                   ; 5000               ;
; Iteration limit for non-constant Verilog loops                                  ; 250                    ; 250                ;
; Add Pass-Through Logic to Inferred RAMs                                         ; On                     ; On                 ;
; Infer RAMs from Raw Logic                                                       ; On                     ; On                 ;
; Parallel Synthesis                                                              ; On                     ; On                 ;
; DSP Block Balancing                                                             ; Auto                   ; Auto               ;
; NOT Gate Push-Back                                                              ; On                     ; On                 ;
; Power-Up Don't Care                                                             ; On                     ; On                 ;
; Remove Redundant Logic Cells                                                    ; Off                    ; Off                ;
; Remove Duplicate Registers                                                      ; On                     ; On                 ;
; Ignore CARRY Buffers                                                            ; Off                    ; Off                ;
; Ignore CASCADE Buffers                                                          ; Off                    ; Off                ;
; Ignore GLOBAL Buffers                                                           ; Off                    ; Off                ;
; Ignore ROW GLOBAL Buffers                                                       ; Off                    ; Off                ;
; Ignore LCELL Buffers                                                            ; Off                    ; Off                ;
; Ignore SOFT Buffers                                                             ; On                     ; On                 ;
; Limit AHDL Integers to 32 Bits                                                  ; Off                    ; Off                ;
; Optimization Technique                                                          ; Balanced               ; Balanced           ;
; Carry Chain Length                                                              ; 70                     ; 70                 ;
; Auto Carry Chains                                                               ; On                     ; On                 ;
; Auto Open-Drain Pins                                                            ; On                     ; On                 ;
; Perform WYSIWYG Primitive Resynthesis                                           ; Off                    ; Off                ;
; Auto ROM Replacement                                                            ; On                     ; On                 ;
; Auto RAM Replacement                                                            ; On                     ; On                 ;
; Auto DSP Block Replacement                                                      ; On                     ; On                 ;
; Auto Shift Register Replacement                                                 ; Auto                   ; Auto               ;
; Allow Shift Register Merging across Hierarchies                                 ; Auto                   ; Auto               ;
; Auto Clock Enable Replacement                                                   ; On                     ; On                 ;
; Strict RAM Replacement                                                          ; Off                    ; Off                ;
; Allow Synchronous Control Signals                                               ; On                     ; On                 ;
; Force Use of Synchronous Clear Signals                                          ; Off                    ; Off                ;
; Auto Resource Sharing                                                           ; Off                    ; Off                ;
; Allow Any RAM Size For Recognition                                              ; Off                    ; Off                ;
; Allow Any ROM Size For Recognition                                              ; Off                    ; Off                ;
; Allow Any Shift Register Size For Recognition                                   ; Off                    ; Off                ;
; Use LogicLock Constraints during Resource Balancing                             ; On                     ; On                 ;
; Ignore translate_off and synthesis_off directives                               ; Off                    ; Off                ;
; Timing-Driven Synthesis                                                         ; On                     ; On                 ;
; Report Parameter Settings                                                       ; On                     ; On                 ;
; Report Source Assignments                                                       ; On                     ; On                 ;
; Report Connectivity Checks                                                      ; On                     ; On                 ;
; Ignore Maximum Fan-Out Assignments                                              ; Off                    ; Off                ;
; Synchronization Register Chain Length                                           ; 3                      ; 3                  ;
; Power Optimization During Synthesis                                             ; Normal compilation     ; Normal compilation ;
; HDL message level                                                               ; Level2                 ; Level2             ;
; Suppress Register Optimization Related Messages                                 ; Off                    ; Off                ;
; Number of Removed Registers Reported in Synthesis Report                        ; 5000                   ; 5000               ;
; Number of Swept Nodes Reported in Synthesis Report                              ; 5000                   ; 5000               ;
; Number of Inverted Registers Reported in Synthesis Report                       ; 100                    ; 100                ;
; Clock MUX Protection                                                            ; On                     ; On                 ;
; Auto Gated Clock Conversion                                                     ; Off                    ; Off                ;
; Block Design Naming                                                             ; Auto                   ; Auto               ;
; SDC constraint protection                                                       ; Off                    ; Off                ;
; Synthesis Effort                                                                ; Auto                   ; Auto               ;
; Shift Register Replacement - Allow Asynchronous Clear Signal                    ; On                     ; On                 ;
; Pre-Mapping Resynthesis Optimization                                            ; Off                    ; Off                ;
; Analysis & Synthesis Message Level                                              ; Medium                 ; Medium             ;
; Disable Register Merging Across Hierarchies                                     ; Auto                   ; Auto               ;
; Resource Aware Inference For Block RAM                                          ; On                     ; On                 ;
; Automatic Parallel Synthesis                                                    ; On                     ; On                 ;
; Partial Reconfiguration Bitstream ID                                            ; Off                    ; Off                ;
+---------------------------------------------------------------------------------+------------------------+--------------------+


+------------------------------------------------------------------------------------------------------------------------------+
; Port Connectivity Checks: "instr_decoder:decoder"                                                                            ;
+--------------------+--------+----------+-------------------------------------------------------------------------------------+
; Port               ; Type   ; Severity ; Details                                                                             ;
+--------------------+--------+----------+-------------------------------------------------------------------------------------+
; en                 ; Input  ; Info     ; Stuck at VCC                                                                        ;
; long_instr[14..13] ; Input  ; Info     ; Stuck at VCC                                                                        ;
; long_instr[1..0]   ; Input  ; Info     ; Stuck at VCC                                                                        ;
; long_instr[27..26] ; Input  ; Info     ; Stuck at GND                                                                        ;
; long_instr[22..18] ; Input  ; Info     ; Stuck at GND                                                                        ;
; long_instr[16..15] ; Input  ; Info     ; Stuck at GND                                                                        ;
; long_instr[12..11] ; Input  ; Info     ; Stuck at GND                                                                        ;
; long_instr[9..7]   ; Input  ; Info     ; Stuck at GND                                                                        ;
; long_instr[3..2]   ; Input  ; Info     ; Stuck at GND                                                                        ;
; long_instr[31]     ; Input  ; Info     ; Stuck at GND                                                                        ;
; long_instr[30]     ; Input  ; Info     ; Stuck at VCC                                                                        ;
; long_instr[29]     ; Input  ; Info     ; Stuck at GND                                                                        ;
; long_instr[28]     ; Input  ; Info     ; Stuck at VCC                                                                        ;
; long_instr[25]     ; Input  ; Info     ; Stuck at VCC                                                                        ;
; long_instr[24]     ; Input  ; Info     ; Stuck at GND                                                                        ;
; long_instr[23]     ; Input  ; Info     ; Stuck at VCC                                                                        ;
; long_instr[17]     ; Input  ; Info     ; Stuck at VCC                                                                        ;
; long_instr[10]     ; Input  ; Info     ; Stuck at VCC                                                                        ;
; long_instr[6]      ; Input  ; Info     ; Stuck at VCC                                                                        ;
; long_instr[5]      ; Input  ; Info     ; Stuck at GND                                                                        ;
; long_instr[4]      ; Input  ; Info     ; Stuck at VCC                                                                        ;
; instr_choose       ; Input  ; Info     ; Stuck at GND                                                                        ;
; flags              ; Input  ; Info     ; Stuck at GND                                                                        ;
; alu_en             ; Output ; Info     ; Connected to dangling logic. Logic that only feeds a dangling port will be removed. ;
; alu_opcode         ; Output ; Info     ; Connected to dangling logic. Logic that only feeds a dangling port will be removed. ;
; mem_en             ; Output ; Info     ; Connected to dangling logic. Logic that only feeds a dangling port will be removed. ;
; wren               ; Output ; Info     ; Connected to dangling logic. Logic that only feeds a dangling port will be removed. ;
; move_en            ; Output ; Info     ; Connected to dangling logic. Logic that only feeds a dangling port will be removed. ;
; immediate          ; Output ; Info     ; Connected to dangling logic. Logic that only feeds a dangling port will be removed. ;
; mov_type           ; Output ; Info     ; Connected to dangling logic. Logic that only feeds a dangling port will be removed. ;
; op1                ; Output ; Info     ; Connected to dangling logic. Logic that only feeds a dangling port will be removed. ;
; op2                ; Output ; Info     ; Connected to dangling logic. Logic that only feeds a dangling port will be removed. ;
; suffix             ; Output ; Info     ; Connected to dangling logic. Logic that only feeds a dangling port will be removed. ;
+--------------------+--------+----------+-------------------------------------------------------------------------------------+


+---------------------------------+
; Analysis & Elaboration Messages ;
+---------------------------------+
Info: *******************************************************************
Info: Running Quartus Prime Analysis & Elaboration
    Info: Version 20.1.1 Build 720 11/11/2020 SJ Lite Edition
    Info: Processing started: Sun Feb 28 13:14:21 2021
Info: Command: quartus_map --read_settings_files=on --write_settings_files=off Reborn -c Reborn --analysis_and_elaboration
Warning (18236): Number of processors has not been specified which may cause overloading on shared machines.  Set the global assignment NUM_PARALLEL_PROCESSORS in your QSF to an appropriate value for best performance.
Info (20030): Parallel compilation is enabled and will use 4 of the 4 processors detected
Info (12021): Found 1 design units, including 1 entities, in source file core/move_ctrl.v
    Info (12023): Found entity 1: move_ctrl File: /home/pasha/Documents/poc_acs/PureFPGA/Reborn/core/move_ctrl.v Line: 1
Info (12021): Found 1 design units, including 1 entities, in source file core/memory_ctrl.v
    Info (12023): Found entity 1: request_ctrl File: /home/pasha/Documents/poc_acs/PureFPGA/Reborn/core/memory_ctrl.v Line: 1
Info (12021): Found 1 design units, including 1 entities, in source file core/instr_decoder.v
    Info (12023): Found entity 1: instr_decoder File: /home/pasha/Documents/poc_acs/PureFPGA/Reborn/core/instr_decoder.v Line: 1
Info (12021): Found 1 design units, including 1 entities, in source file core/core.v
    Info (12023): Found entity 1: core File: /home/pasha/Documents/poc_acs/PureFPGA/Reborn/core/core.v Line: 1
Info (12021): Found 1 design units, including 1 entities, in source file core/alu.v
    Info (12023): Found entity 1: alu File: /home/pasha/Documents/poc_acs/PureFPGA/Reborn/core/alu.v Line: 1
Info (12021): Found 1 design units, including 1 entities, in source file test_benches/instruction_decoder_tb.v
    Info (12023): Found entity 1: instruction_decoder_tb File: /home/pasha/Documents/poc_acs/PureFPGA/Reborn/test_benches/instruction_decoder_tb.v Line: 2
Info (12127): Elaborating entity "instruction_decoder_tb" for the top level hierarchy
Info (10648): Verilog HDL Display System Task info at instruction_decoder_tb.v(51): Testing instruciton decoder... File: /home/pasha/Documents/poc_acs/PureFPGA/Reborn/test_benches/instruction_decoder_tb.v Line: 51
Info (10648): Verilog HDL Display System Task info at instruction_decoder_tb.v(53): disabled File: /home/pasha/Documents/poc_acs/PureFPGA/Reborn/test_benches/instruction_decoder_tb.v Line: 53
Info (10648): Verilog HDL Display System Task info at instruction_decoder_tb.v(57): ALU instructions File: /home/pasha/Documents/poc_acs/PureFPGA/Reborn/test_benches/instruction_decoder_tb.v Line: 57
Info (10648): Verilog HDL Display System Task info at instruction_decoder_tb.v(71): Mov immediate File: /home/pasha/Documents/poc_acs/PureFPGA/Reborn/test_benches/instruction_decoder_tb.v Line: 71
Warning (10755): Verilog HDL warning at instruction_decoder_tb.v(81): assignments to clk create a combinational loop File: /home/pasha/Documents/poc_acs/PureFPGA/Reborn/test_benches/instruction_decoder_tb.v Line: 81
Info (12128): Elaborating entity "instr_decoder" for hierarchy "instr_decoder:decoder" File: /home/pasha/Documents/poc_acs/PureFPGA/Reborn/test_benches/instruction_decoder_tb.v Line: 48
Info: Quartus Prime Analysis & Elaboration was successful. 0 errors, 2 warnings
    Info: Peak virtual memory: 723 megabytes
    Info: Processing ended: Sun Feb 28 13:14:27 2021
    Info: Elapsed time: 00:00:06
    Info: Total CPU time (on all processors): 00:00:16


