Info: Starting: Create block symbol file (.bsf)
Info: qsys-generate /home/yevhen/Downloads/UCU_4_semestr/aks/MCCPVideoStream/soc_system.qsys --block-symbol-file --output-directory=/home/yevhen/Downloads/UCU_4_semestr/aks/MCCPVideoStream/soc_system --family="Cyclone V" --part=5CSEBA6U23I7
Progress: Loading MCCPVideoStream/soc_system.qsys
Progress: Reading input file
Progress: Adding ARM_A9_HPS [altera_hps 20.1]
Progress: Parameterizing module ARM_A9_HPS
Progress: Adding alt_vip_cl_cvo_0 [alt_vip_cl_cvo 20.1]
Progress: Parameterizing module alt_vip_cl_cvo_0
Progress: Adding alt_vip_cl_mixer_0 [alt_vip_cl_mixer 20.1]
Progress: Parameterizing module alt_vip_cl_mixer_0
Progress: Adding alt_vip_cl_tpg_0 [alt_vip_cl_tpg 20.1]
Progress: Parameterizing module alt_vip_cl_tpg_0
Progress: Adding alt_vip_cl_tpg_1 [alt_vip_cl_tpg 20.1]
Progress: Parameterizing module alt_vip_cl_tpg_1
Progress: Adding alt_vip_cl_vfb_0 [alt_vip_cl_vfb 20.1]
Progress: Parameterizing module alt_vip_cl_vfb_0
Progress: Adding clock_bridge_0 [altera_clock_bridge 20.1]
Progress: Parameterizing module clock_bridge_0
Progress: Adding dma_0 [altera_avalon_dma 20.1]
Progress: Parameterizing module dma_0
Progress: Adding mm_bridge_0 [altera_avalon_mm_bridge 20.1]
Progress: Parameterizing module mm_bridge_0
Progress: Adding mm_bridge_1 [altera_avalon_mm_bridge 20.1]
Progress: Parameterizing module mm_bridge_1
Progress: Adding mm_bridge_2 [altera_avalon_mm_bridge 20.1]
Progress: Parameterizing module mm_bridge_2
Progress: Adding onchip_memory2_0 [altera_avalon_onchip_memory2 20.1]
Progress: Parameterizing module onchip_memory2_0
Progress: Adding our_video_dma_0 [our_video_dma 1.0]
Progress: Parameterizing module our_video_dma_0
Progress: Adding pll_0 [altera_pll 20.1]
Progress: Parameterizing module pll_0
Progress: Adding ram_fpga [altera_avalon_onchip_memory2 20.1]
Progress: Parameterizing module ram_fpga
Progress: Adding sys_pll [altera_up_avalon_sys_sdram_pll 18.0]
Progress: Parameterizing module sys_pll
Progress: Adding uku_mac_component_0 [uku_mac_component 1.0]
Progress: Parameterizing module uku_mac_component_0
Progress: Adding video_pixel_buffer_dma_0 [altera_up_avalon_video_pixel_buffer_dma 18.0]
Progress: Parameterizing module video_pixel_buffer_dma_0
Progress: Building connections
Progress: Parameterizing connections
Progress: Validating
Progress: Done reading input file
Info: soc_system.ARM_A9_HPS: HPS Main PLL counter settings: n = 0  m = 63
Info: soc_system.ARM_A9_HPS: HPS peripherial PLL counter settings: n = 0  m = 39
Info: soc_system.pll_0: The legal reference clock frequency is 5.0 MHz..700.0 MHz
Info: soc_system.pll_0: Able to implement PLL with user settings
Info: soc_system.sys_pll: Refclk Freq: 50.0
Warning: soc_system.ARM_A9_HPS: ARM_A9_HPS.f2h_sdram0_data must be connected to an Avalon-MM master
Warning: soc_system.: You have exported the interface alt_vip_cl_cvo_0.din but not its associated reset interface.  Export the driver(s) of alt_vip_cl_cvo_0.main_reset
Warning: soc_system.: You have exported the interface our_video_dma_0.video_data_streaming_source but not its associated reset interface.  Export our_video_dma_0.reset
Info: qsys-generate succeeded.
Info: Finished: Create block symbol file (.bsf)
Info: 
Info: Starting: Create HDL design files for synthesis
Info: qsys-generate /home/yevhen/Downloads/UCU_4_semestr/aks/MCCPVideoStream/soc_system.qsys --synthesis=VERILOG --output-directory=/home/yevhen/Downloads/UCU_4_semestr/aks/MCCPVideoStream/soc_system/synthesis --family="Cyclone V" --part=5CSEBA6U23I7
Progress: Loading MCCPVideoStream/soc_system.qsys
Progress: Reading input file
Progress: Adding ARM_A9_HPS [altera_hps 20.1]
Progress: Parameterizing module ARM_A9_HPS
Progress: Adding alt_vip_cl_cvo_0 [alt_vip_cl_cvo 20.1]
Progress: Parameterizing module alt_vip_cl_cvo_0
Progress: Adding alt_vip_cl_mixer_0 [alt_vip_cl_mixer 20.1]
Progress: Parameterizing module alt_vip_cl_mixer_0
Progress: Adding alt_vip_cl_tpg_0 [alt_vip_cl_tpg 20.1]
Progress: Parameterizing module alt_vip_cl_tpg_0
Progress: Adding alt_vip_cl_tpg_1 [alt_vip_cl_tpg 20.1]
Progress: Parameterizing module alt_vip_cl_tpg_1
Progress: Adding alt_vip_cl_vfb_0 [alt_vip_cl_vfb 20.1]
Progress: Parameterizing module alt_vip_cl_vfb_0
Progress: Adding clock_bridge_0 [altera_clock_bridge 20.1]
Progress: Parameterizing module clock_bridge_0
Progress: Adding dma_0 [altera_avalon_dma 20.1]
Progress: Parameterizing module dma_0
Progress: Adding mm_bridge_0 [altera_avalon_mm_bridge 20.1]
Progress: Parameterizing module mm_bridge_0
Progress: Adding mm_bridge_1 [altera_avalon_mm_bridge 20.1]
Progress: Parameterizing module mm_bridge_1
Progress: Adding mm_bridge_2 [altera_avalon_mm_bridge 20.1]
Progress: Parameterizing module mm_bridge_2
Progress: Adding onchip_memory2_0 [altera_avalon_onchip_memory2 20.1]
Progress: Parameterizing module onchip_memory2_0
Progress: Adding our_video_dma_0 [our_video_dma 1.0]
Progress: Parameterizing module our_video_dma_0
Progress: Adding pll_0 [altera_pll 20.1]
Progress: Parameterizing module pll_0
Progress: Adding ram_fpga [altera_avalon_onchip_memory2 20.1]
Progress: Parameterizing module ram_fpga
Progress: Adding sys_pll [altera_up_avalon_sys_sdram_pll 18.0]
Progress: Parameterizing module sys_pll
Progress: Adding uku_mac_component_0 [uku_mac_component 1.0]
Progress: Parameterizing module uku_mac_component_0
Progress: Adding video_pixel_buffer_dma_0 [altera_up_avalon_video_pixel_buffer_dma 18.0]
Progress: Parameterizing module video_pixel_buffer_dma_0
Progress: Building connections
Progress: Parameterizing connections
Progress: Validating
Progress: Done reading input file
Info: soc_system.ARM_A9_HPS: HPS Main PLL counter settings: n = 0  m = 63
Info: soc_system.ARM_A9_HPS: HPS peripherial PLL counter settings: n = 0  m = 39
Info: soc_system.pll_0: The legal reference clock frequency is 5.0 MHz..700.0 MHz
Info: soc_system.pll_0: Able to implement PLL with user settings
Info: soc_system.sys_pll: Refclk Freq: 50.0
Warning: soc_system.ARM_A9_HPS: ARM_A9_HPS.f2h_sdram0_data must be connected to an Avalon-MM master
Warning: soc_system.: You have exported the interface alt_vip_cl_cvo_0.din but not its associated reset interface.  Export the driver(s) of alt_vip_cl_cvo_0.main_reset
Warning: soc_system.: You have exported the interface our_video_dma_0.video_data_streaming_source but not its associated reset interface.  Export our_video_dma_0.reset
Info: soc_system: Generating soc_system "soc_system" for QUARTUS_SYNTH
Info: Interconnect is inserted between master ARM_A9_HPS.h2f_axi_master and slave onchip_memory2_0.s1 because the master is of type axi and the slave is of type avalon.
Info: Interconnect is inserted between master ARM_A9_HPS.h2f_lw_axi_master and slave mm_bridge_0.s0 because the master is of type axi and the slave is of type avalon.
Info: Interconnect is inserted between master mm_bridge_0.m0 and slave our_video_dma_0.ctrl because the master has waitrequest signal 1 bit wide, but the slave is 0 bit wide.
Info: Interconnect is inserted between master mm_bridge_0.m0 and slave our_video_dma_0.ctrl because the master has readdata signal 32 bit wide, but the slave is 0 bit wide.
Info: Interconnect is inserted between master mm_bridge_0.m0 and slave our_video_dma_0.ctrl because the master has readdatavalid signal 1 bit wide, but the slave is 0 bit wide.
Info: Interconnect is inserted between master mm_bridge_0.m0 and slave our_video_dma_0.ctrl because the master has burstcount signal 1 bit wide, but the slave is 0 bit wide.
Info: Interconnect is inserted between master mm_bridge_0.m0 and slave our_video_dma_0.ctrl because the master has address signal 3 bit wide, but the slave is 1 bit wide.
Info: Interconnect is inserted between master mm_bridge_0.m0 and slave our_video_dma_0.ctrl because the master has read signal 1 bit wide, but the slave is 0 bit wide.
Info: Interconnect is inserted between master mm_bridge_0.m0 and slave our_video_dma_0.ctrl because the master has byteenable signal 4 bit wide, but the slave is 0 bit wide.
Info: Interconnect is inserted between master mm_bridge_0.m0 and slave our_video_dma_0.ctrl because the master has debugaccess signal 1 bit wide, but the slave is 0 bit wide.
Info: Interconnect is inserted between master mm_bridge_0.m0 and slave our_video_dma_0.ctrl because they have different clock source.
Info: Inserting clock-crossing logic between cmd_demux.src0 and cmd_mux.sink0
Info: Inserting clock-crossing logic between rsp_demux.src0 and rsp_mux.sink0
Info: Interconnect is inserted between master mm_bridge_2.m0 and slave onchip_memory2_0.s2 because the master has waitrequest signal 1 bit wide, but the slave is 0 bit wide.
Info: Interconnect is inserted between master mm_bridge_2.m0 and slave onchip_memory2_0.s2 because the master has readdatavalid signal 1 bit wide, but the slave is 0 bit wide.
Info: Interconnect is inserted between master mm_bridge_2.m0 and slave onchip_memory2_0.s2 because the master has burstcount signal 1 bit wide, but the slave is 0 bit wide.
Info: Interconnect is inserted between master mm_bridge_2.m0 and slave onchip_memory2_0.s2 because the master has read signal 1 bit wide, but the slave is 0 bit wide.
Info: Interconnect is inserted between master mm_bridge_2.m0 and slave onchip_memory2_0.s2 because the master has debugaccess signal 1 bit wide, but the slave is 0 bit wide.
Info: Interconnect is inserted between master our_video_dma_0.video_data_reader and slave mm_bridge_2.s0 because the master has address signal 32 bit wide, but the slave is 13 bit wide.
Warning: ARM_A9_HPS.f2h_irq0: Cannot connect clock for irq_mapper.sender
Warning: ARM_A9_HPS.f2h_irq0: Cannot connect reset for irq_mapper.sender
Warning: ARM_A9_HPS.f2h_irq1: Cannot connect clock for irq_mapper_001.sender
Warning: ARM_A9_HPS.f2h_irq1: Cannot connect reset for irq_mapper_001.sender
Info: ARM_A9_HPS: "Running  for module: ARM_A9_HPS"
Info: ARM_A9_HPS: HPS Main PLL counter settings: n = 0  m = 63
Info: ARM_A9_HPS: HPS peripherial PLL counter settings: n = 0  m = 39
Info: ARM_A9_HPS: "soc_system" instantiated altera_hps "ARM_A9_HPS"
Info: alt_vip_cl_cvo_0: "soc_system" instantiated alt_vip_cl_cvo "alt_vip_cl_cvo_0"
Info: mm_bridge_0: "soc_system" instantiated altera_avalon_mm_bridge "mm_bridge_0"
Info: onchip_memory2_0: Starting RTL generation for module 'soc_system_onchip_memory2_0'
Info: onchip_memory2_0:   Generation command is [exec /opt/intelFPGA/20.1/quartus/linux64/perl/bin/perl -I /opt/intelFPGA/20.1/quartus/linux64/perl/lib -I /opt/intelFPGA/20.1/quartus/sopc_builder/bin/europa -I /opt/intelFPGA/20.1/quartus/sopc_builder/bin -I /opt/intelFPGA/20.1/quartus/../ip/altera/sopc_builder_ip/common -I /opt/intelFPGA/20.1/quartus/../ip/altera/sopc_builder_ip/altera_avalon_onchip_memory2 -- /opt/intelFPGA/20.1/quartus/../ip/altera/sopc_builder_ip/altera_avalon_onchip_memory2/generate_rtl.pl --name=soc_system_onchip_memory2_0 --dir=/tmp/alt8761_1323521435001570651.dir/0298_onchip_memory2_0_gen/ --quartus_dir=/opt/intelFPGA/20.1/quartus --verilog --config=/tmp/alt8761_1323521435001570651.dir/0298_onchip_memory2_0_gen//soc_system_onchip_memory2_0_component_configuration.pl  --do_build_sim=0  ]
Info: onchip_memory2_0: Done RTL generation for module 'soc_system_onchip_memory2_0'
Info: onchip_memory2_0: "soc_system" instantiated altera_avalon_onchip_memory2 "onchip_memory2_0"
Info: our_video_dma_0: "soc_system" instantiated our_video_dma "our_video_dma_0"
Info: pll_0: "soc_system" instantiated altera_pll "pll_0"
Info: sys_pll: "soc_system" instantiated altera_up_avalon_sys_sdram_pll "sys_pll"
Info: avalon_st_adapter: Inserting error_adapter: error_adapter_0
Info: mm_interconnect_0: "soc_system" instantiated altera_mm_interconnect "mm_interconnect_0"
Info: avalon_st_adapter: Inserting error_adapter: error_adapter_0
Info: mm_interconnect_1: "soc_system" instantiated altera_mm_interconnect "mm_interconnect_1"
Info: avalon_st_adapter: Inserting error_adapter: error_adapter_0
Info: mm_interconnect_2: "soc_system" instantiated altera_mm_interconnect "mm_interconnect_2"
Info: mm_interconnect_3: "soc_system" instantiated altera_mm_interconnect "mm_interconnect_3"
Info: mm_interconnect_4: "soc_system" instantiated altera_mm_interconnect "mm_interconnect_4"
Info: irq_mapper: "soc_system" instantiated altera_irq_mapper "irq_mapper"
Info: rst_controller: "soc_system" instantiated altera_reset_controller "rst_controller"
Info: fpga_interfaces: "ARM_A9_HPS" instantiated altera_interface_generator "fpga_interfaces"
Info: hps_io: "ARM_A9_HPS" instantiated altera_hps_io "hps_io"
Info: video_in: "alt_vip_cl_cvo_0" instantiated alt_vip_video_input_bridge "video_in"
Info: scheduler: "alt_vip_cl_cvo_0" instantiated alt_vip_cvo_scheduler "scheduler"
Info: sop_align: "alt_vip_cl_cvo_0" instantiated alt_vip_pip_sop_realign "sop_align"
Info: Reusing file /home/yevhen/Downloads/UCU_4_semestr/aks/MCCPVideoStream/soc_system/synthesis/submodules/common/alt_vip_common_pkg.sv
Info: Reusing file /home/yevhen/Downloads/UCU_4_semestr/aks/MCCPVideoStream/soc_system/synthesis/submodules/modules/alt_vip_common_event_packet_decode/src_hdl/alt_vip_common_event_packet_decode.sv
Info: Reusing file /home/yevhen/Downloads/UCU_4_semestr/aks/MCCPVideoStream/soc_system/synthesis/submodules/modules/alt_vip_common_event_packet_encode/src_hdl/alt_vip_common_event_packet_encode.sv
Info: cvo_core: "alt_vip_cl_cvo_0" instantiated alt_vip_cvo_core "cvo_core"
Info: Reusing file /home/yevhen/Downloads/UCU_4_semestr/aks/MCCPVideoStream/soc_system/synthesis/submodules/common/alt_vip_common_pkg.sv
Info: Reusing file /home/yevhen/Downloads/UCU_4_semestr/aks/MCCPVideoStream/soc_system/synthesis/submodules/modules/alt_vip_common_event_packet_encode/src_hdl/alt_vip_common_event_packet_encode.sv
Info: Reusing file /home/yevhen/Downloads/UCU_4_semestr/aks/MCCPVideoStream/soc_system/synthesis/submodules/modules/alt_vip_common_event_packet_decode/src_hdl/alt_vip_common_event_packet_decode.sv
Info: sys_pll: "sys_pll" instantiated altera_pll "sys_pll"
Info: reset_from_locked: "sys_pll" instantiated altera_up_avalon_reset_from_locked_signal "reset_from_locked"
Info: onchip_memory2_0_s1_translator: "mm_interconnect_0" instantiated altera_merlin_slave_translator "onchip_memory2_0_s1_translator"
Info: ARM_A9_HPS_h2f_axi_master_agent: "mm_interconnect_0" instantiated altera_merlin_axi_master_ni "ARM_A9_HPS_h2f_axi_master_agent"
Info: onchip_memory2_0_s1_agent: "mm_interconnect_0" instantiated altera_merlin_slave_agent "onchip_memory2_0_s1_agent"
Info: onchip_memory2_0_s1_agent_rsp_fifo: "mm_interconnect_0" instantiated altera_avalon_sc_fifo "onchip_memory2_0_s1_agent_rsp_fifo"
Info: router: "mm_interconnect_0" instantiated altera_merlin_router "router"
Info: router_002: "mm_interconnect_0" instantiated altera_merlin_router "router_002"
Info: onchip_memory2_0_s1_burst_adapter: "mm_interconnect_0" instantiated altera_merlin_burst_adapter "onchip_memory2_0_s1_burst_adapter"
Info: Reusing file /home/yevhen/Downloads/UCU_4_semestr/aks/MCCPVideoStream/soc_system/synthesis/submodules/altera_merlin_address_alignment.sv
Info: cmd_demux: "mm_interconnect_0" instantiated altera_merlin_demultiplexer "cmd_demux"
Info: cmd_mux: "mm_interconnect_0" instantiated altera_merlin_multiplexer "cmd_mux"
Info: rsp_demux: "mm_interconnect_0" instantiated altera_merlin_demultiplexer "rsp_demux"
Info: rsp_mux: "mm_interconnect_0" instantiated altera_merlin_multiplexer "rsp_mux"
Info: Reusing file /home/yevhen/Downloads/UCU_4_semestr/aks/MCCPVideoStream/soc_system/synthesis/submodules/altera_merlin_arbitrator.sv
Info: avalon_st_adapter: "mm_interconnect_0" instantiated altera_avalon_st_adapter "avalon_st_adapter"
Info: router: "mm_interconnect_1" instantiated altera_merlin_router "router"
Info: router_002: "mm_interconnect_1" instantiated altera_merlin_router "router_002"
Info: cmd_demux: "mm_interconnect_1" instantiated altera_merlin_demultiplexer "cmd_demux"
Info: cmd_mux: "mm_interconnect_1" instantiated altera_merlin_multiplexer "cmd_mux"
Info: Reusing file /home/yevhen/Downloads/UCU_4_semestr/aks/MCCPVideoStream/soc_system/synthesis/submodules/altera_merlin_arbitrator.sv
Info: rsp_demux: "mm_interconnect_1" instantiated altera_merlin_demultiplexer "rsp_demux"
Info: rsp_mux: "mm_interconnect_1" instantiated altera_merlin_multiplexer "rsp_mux"
Info: Reusing file /home/yevhen/Downloads/UCU_4_semestr/aks/MCCPVideoStream/soc_system/synthesis/submodules/altera_merlin_arbitrator.sv
Info: mm_bridge_0_m0_translator: "mm_interconnect_2" instantiated altera_merlin_master_translator "mm_bridge_0_m0_translator"
Info: mm_bridge_0_m0_agent: "mm_interconnect_2" instantiated altera_merlin_master_agent "mm_bridge_0_m0_agent"
Info: router: "mm_interconnect_2" instantiated altera_merlin_router "router"
Info: router_001: "mm_interconnect_2" instantiated altera_merlin_router "router_001"
Info: cmd_demux: "mm_interconnect_2" instantiated altera_merlin_demultiplexer "cmd_demux"
Info: cmd_mux: "mm_interconnect_2" instantiated altera_merlin_multiplexer "cmd_mux"
Info: Reusing file /home/yevhen/Downloads/UCU_4_semestr/aks/MCCPVideoStream/soc_system/synthesis/submodules/altera_merlin_arbitrator.sv
Info: rsp_demux: "mm_interconnect_2" instantiated altera_merlin_demultiplexer "rsp_demux"
Info: rsp_mux: "mm_interconnect_2" instantiated altera_merlin_multiplexer "rsp_mux"
Info: Reusing file /home/yevhen/Downloads/UCU_4_semestr/aks/MCCPVideoStream/soc_system/synthesis/submodules/altera_merlin_arbitrator.sv
Info: crosser: "mm_interconnect_2" instantiated altera_avalon_st_handshake_clock_crosser "crosser"
Info: Reusing file /home/yevhen/Downloads/UCU_4_semestr/aks/MCCPVideoStream/soc_system/synthesis/submodules/altera_avalon_st_pipeline_base.v
Info: border: "hps_io" instantiated altera_interface_generator "border"
Info: vid_front: "video_in" instantiated alt_vip_video_input_bridge_resp "vid_front"
Info: Reusing file /home/yevhen/Downloads/UCU_4_semestr/aks/MCCPVideoStream/soc_system/synthesis/submodules/common/alt_vip_common_pkg.sv
Info: Reusing file /home/yevhen/Downloads/UCU_4_semestr/aks/MCCPVideoStream/soc_system/synthesis/submodules/modules/alt_vip_common_event_packet_decode/src_hdl/alt_vip_common_event_packet_decode.sv
Info: Reusing file /home/yevhen/Downloads/UCU_4_semestr/aks/MCCPVideoStream/soc_system/synthesis/submodules/modules/alt_vip_common_event_packet_encode/src_hdl/alt_vip_common_event_packet_encode.sv
Info: vid_back: "video_in" instantiated alt_vip_video_input_bridge_cmd "vid_back"
Info: Reusing file /home/yevhen/Downloads/UCU_4_semestr/aks/MCCPVideoStream/soc_system/synthesis/submodules/common/alt_vip_common_pkg.sv
Info: Reusing file /home/yevhen/Downloads/UCU_4_semestr/aks/MCCPVideoStream/soc_system/synthesis/submodules/modules/alt_vip_common_event_packet_decode/src_hdl/alt_vip_common_event_packet_decode.sv
Info: Reusing file /home/yevhen/Downloads/UCU_4_semestr/aks/MCCPVideoStream/soc_system/synthesis/submodules/modules/alt_vip_common_event_packet_encode/src_hdl/alt_vip_common_event_packet_encode.sv
Info: error_adapter_0: "avalon_st_adapter" instantiated error_adapter "error_adapter_0"
Info: soc_system: Done "soc_system" with 54 modules, 142 files
Info: qsys-generate succeeded.
Info: Finished: Create HDL design files for synthesis
