Analysis & Elaboration report for Reborn
Tue Mar  9 17:53:01 2021
Quartus Prime Version 20.1.1 Build 720 11/11/2020 SJ Lite Edition


---------------------
; Table of Contents ;
---------------------
  1. Legal Notice
  2. Analysis & Elaboration Summary
  3. Parallel Compilation
  4. Analysis & Elaboration IP Cores Summary
  5. Source assignments for RAM:ram_inst|altsyncram:altsyncram_component|altsyncram_arl1:auto_generated
  6. Parameter Settings for User Entity Instance: RAM:ram_inst|altsyncram:altsyncram_component
  7. Parameter Settings for User Entity Instance: videocard:videocard_main
  8. Parameter Settings for User Entity Instance: videocard:videocard_main|four_way_rom:rom
  9. Parameter Settings for User Entity Instance: videocard:videocard_main|arbiter:arbiter_inst
 10. Parameter Settings for User Entity Instance: videocard:videocard_main|interrupt_controller:inter_controller
 11. Parameter Settings for User Entity Instance: videocard:videocard_main|core:core0
 12. Parameter Settings for User Entity Instance: videocard:videocard_main|core:core0|instr_decoder:instr_decoder_main
 13. Parameter Settings for User Entity Instance: videocard:videocard_main|core:core0|alu:alu_main
 14. Parameter Settings for User Entity Instance: videocard:videocard_main|core:core1
 15. Parameter Settings for User Entity Instance: videocard:videocard_main|core:core1|instr_decoder:instr_decoder_main
 16. Parameter Settings for User Entity Instance: videocard:videocard_main|core:core1|alu:alu_main
 17. Parameter Settings for User Entity Instance: videocard:videocard_main|core:core2
 18. Parameter Settings for User Entity Instance: videocard:videocard_main|core:core2|instr_decoder:instr_decoder_main
 19. Parameter Settings for User Entity Instance: videocard:videocard_main|core:core2|alu:alu_main
 20. Parameter Settings for User Entity Instance: videocard:videocard_main|core:core3
 21. Parameter Settings for User Entity Instance: videocard:videocard_main|core:core3|instr_decoder:instr_decoder_main
 22. Parameter Settings for User Entity Instance: videocard:videocard_main|core:core3|alu:alu_main
 23. altsyncram Parameter Settings by Entity Instance
 24. Analysis & Elaboration Settings
 25. Port Connectivity Checks: "videocard:videocard_main|core:core3"
 26. Port Connectivity Checks: "videocard:videocard_main|core:core2"
 27. Port Connectivity Checks: "videocard:videocard_main|core:core1"
 28. Port Connectivity Checks: "videocard:videocard_main|core:core0"
 29. Port Connectivity Checks: "videocard:videocard_main"
 30. Analysis & Elaboration Messages
 31. Analysis & Elaboration Suppressed Messages



----------------
; Legal Notice ;
----------------
Copyright (C) 2020  Intel Corporation. All rights reserved.
Your use of Intel Corporation's design tools, logic functions 
and other software and tools, and any partner logic 
functions, and any output files from any of the foregoing 
(including device programming or simulation files), and any 
associated documentation or information are expressly subject 
to the terms and conditions of the Intel Program License 
Subscription Agreement, the Intel Quartus Prime License Agreement,
the Intel FPGA IP License Agreement, or other applicable license
agreement, including, without limitation, that your use is for
the sole purpose of programming logic devices manufactured by
Intel and sold by Intel or its authorized distributors.  Please
refer to the applicable agreement for further details, at
https://fpgasoftware.intel.com/eula.



+-----------------------------------------------------------------------------+
; Analysis & Elaboration Summary                                              ;
+-------------------------------+---------------------------------------------+
; Analysis & Elaboration Status ; Successful - Tue Mar  9 17:53:01 2021       ;
; Quartus Prime Version         ; 20.1.1 Build 720 11/11/2020 SJ Lite Edition ;
; Revision Name                 ; Reborn                                      ;
; Top-level Entity Name         ; videocard_tb                                ;
; Family                        ; Cyclone V                                   ;
; Logic utilization (in ALMs)   ; N/A until Partition Merge                   ;
; Total registers               ; N/A until Partition Merge                   ;
; Total pins                    ; N/A until Partition Merge                   ;
; Total virtual pins            ; N/A until Partition Merge                   ;
; Total block memory bits       ; N/A until Partition Merge                   ;
; Total PLLs                    ; N/A until Partition Merge                   ;
; Total DLLs                    ; N/A until Partition Merge                   ;
+-------------------------------+---------------------------------------------+


+------------------------------------------+
; Parallel Compilation                     ;
+----------------------------+-------------+
; Processors                 ; Number      ;
+----------------------------+-------------+
; Number detected on machine ; 8           ;
; Maximum allowed            ; 4           ;
;                            ;             ;
; Average used               ; 1.00        ;
; Maximum used               ; 1           ;
;                            ;             ;
; Usage by Processor         ; % Time Used ;
;     Processor 1            ; 100.0%      ;
+----------------------------+-------------+


+--------------------------------------------------------------------------------------------------------------+
; Analysis & Elaboration IP Cores Summary                                                                      ;
+--------+--------------+---------+--------------+--------------+----------------------------+-----------------+
; Vendor ; IP Core Name ; Version ; Release Date ; License Type ; Entity Instance            ; IP Include File ;
+--------+--------------+---------+--------------+--------------+----------------------------+-----------------+
; Altera ; RAM: 1-PORT  ; 20.1    ; N/A          ; N/A          ; |videocard_tb|RAM:ram_inst ; memory/RAM.v    ;
+--------+--------------+---------+--------------+--------------+----------------------------+-----------------+


+----------------------------------------------------------------------------------------------------+
; Source assignments for RAM:ram_inst|altsyncram:altsyncram_component|altsyncram_arl1:auto_generated ;
+---------------------------------+--------------------+------+--------------------------------------+
; Assignment                      ; Value              ; From ; To                                   ;
+---------------------------------+--------------------+------+--------------------------------------+
; OPTIMIZE_POWER_DURING_SYNTHESIS ; NORMAL_COMPILATION ; -    ; -                                    ;
+---------------------------------+--------------------+------+--------------------------------------+


+-------------------------------------------------------------------------------------------+
; Parameter Settings for User Entity Instance: RAM:ram_inst|altsyncram:altsyncram_component ;
+------------------------------------+----------------------+-------------------------------+
; Parameter Name                     ; Value                ; Type                          ;
+------------------------------------+----------------------+-------------------------------+
; BYTE_SIZE_BLOCK                    ; 8                    ; Untyped                       ;
; AUTO_CARRY_CHAINS                  ; ON                   ; AUTO_CARRY                    ;
; IGNORE_CARRY_BUFFERS               ; OFF                  ; IGNORE_CARRY                  ;
; AUTO_CASCADE_CHAINS                ; ON                   ; AUTO_CASCADE                  ;
; IGNORE_CASCADE_BUFFERS             ; OFF                  ; IGNORE_CASCADE                ;
; WIDTH_BYTEENA                      ; 1                    ; Untyped                       ;
; OPERATION_MODE                     ; SINGLE_PORT          ; Untyped                       ;
; WIDTH_A                            ; 32                   ; Signed Integer                ;
; WIDTHAD_A                          ; 16                   ; Signed Integer                ;
; NUMWORDS_A                         ; 65536                ; Signed Integer                ;
; OUTDATA_REG_A                      ; CLOCK0               ; Untyped                       ;
; ADDRESS_ACLR_A                     ; NONE                 ; Untyped                       ;
; OUTDATA_ACLR_A                     ; NONE                 ; Untyped                       ;
; WRCONTROL_ACLR_A                   ; NONE                 ; Untyped                       ;
; INDATA_ACLR_A                      ; NONE                 ; Untyped                       ;
; BYTEENA_ACLR_A                     ; NONE                 ; Untyped                       ;
; WIDTH_B                            ; 1                    ; Untyped                       ;
; WIDTHAD_B                          ; 1                    ; Untyped                       ;
; NUMWORDS_B                         ; 1                    ; Untyped                       ;
; INDATA_REG_B                       ; CLOCK1               ; Untyped                       ;
; WRCONTROL_WRADDRESS_REG_B          ; CLOCK1               ; Untyped                       ;
; RDCONTROL_REG_B                    ; CLOCK1               ; Untyped                       ;
; ADDRESS_REG_B                      ; CLOCK1               ; Untyped                       ;
; OUTDATA_REG_B                      ; UNREGISTERED         ; Untyped                       ;
; BYTEENA_REG_B                      ; CLOCK1               ; Untyped                       ;
; INDATA_ACLR_B                      ; NONE                 ; Untyped                       ;
; WRCONTROL_ACLR_B                   ; NONE                 ; Untyped                       ;
; ADDRESS_ACLR_B                     ; NONE                 ; Untyped                       ;
; OUTDATA_ACLR_B                     ; NONE                 ; Untyped                       ;
; RDCONTROL_ACLR_B                   ; NONE                 ; Untyped                       ;
; BYTEENA_ACLR_B                     ; NONE                 ; Untyped                       ;
; WIDTH_BYTEENA_A                    ; 1                    ; Signed Integer                ;
; WIDTH_BYTEENA_B                    ; 1                    ; Untyped                       ;
; RAM_BLOCK_TYPE                     ; AUTO                 ; Untyped                       ;
; BYTE_SIZE                          ; 8                    ; Untyped                       ;
; READ_DURING_WRITE_MODE_MIXED_PORTS ; DONT_CARE            ; Untyped                       ;
; READ_DURING_WRITE_MODE_PORT_A      ; NEW_DATA_NO_NBE_READ ; Untyped                       ;
; READ_DURING_WRITE_MODE_PORT_B      ; NEW_DATA_NO_NBE_READ ; Untyped                       ;
; INIT_FILE                          ; UNUSED               ; Untyped                       ;
; INIT_FILE_LAYOUT                   ; PORT_A               ; Untyped                       ;
; MAXIMUM_DEPTH                      ; 0                    ; Untyped                       ;
; CLOCK_ENABLE_INPUT_A               ; BYPASS               ; Untyped                       ;
; CLOCK_ENABLE_INPUT_B               ; NORMAL               ; Untyped                       ;
; CLOCK_ENABLE_OUTPUT_A              ; BYPASS               ; Untyped                       ;
; CLOCK_ENABLE_OUTPUT_B              ; NORMAL               ; Untyped                       ;
; CLOCK_ENABLE_CORE_A                ; USE_INPUT_CLKEN      ; Untyped                       ;
; CLOCK_ENABLE_CORE_B                ; USE_INPUT_CLKEN      ; Untyped                       ;
; ENABLE_ECC                         ; FALSE                ; Untyped                       ;
; ECC_PIPELINE_STAGE_ENABLED         ; FALSE                ; Untyped                       ;
; WIDTH_ECCSTATUS                    ; 3                    ; Untyped                       ;
; DEVICE_FAMILY                      ; Cyclone V            ; Untyped                       ;
; CBXI_PARAMETER                     ; altsyncram_arl1      ; Untyped                       ;
+------------------------------------+----------------------+-------------------------------+
Note: In order to hide this table in the UI and the text report file, please set the "Show Parameter Settings in Synthesis Report" option in "Analysis and Synthesis Settings -> More Settings" to "Off".


+-----------------------------------------------------------------------+
; Parameter Settings for User Entity Instance: videocard:videocard_main ;
+----------------+-------+----------------------------------------------+
; Parameter Name ; Value ; Type                                         ;
+----------------+-------+----------------------------------------------+
; WIDTH          ; 32    ; Signed Integer                               ;
; CORE_NUM       ; 4     ; Signed Integer                               ;
; INT_NUM        ; 3     ; Signed Integer                               ;
+----------------+-------+----------------------------------------------+
Note: In order to hide this table in the UI and the text report file, please set the "Show Parameter Settings in Synthesis Report" option in "Analysis and Synthesis Settings -> More Settings" to "Off".


+----------------------------------------------------------------------------------------+
; Parameter Settings for User Entity Instance: videocard:videocard_main|four_way_rom:rom ;
+----------------+-------+---------------------------------------------------------------+
; Parameter Name ; Value ; Type                                                          ;
+----------------+-------+---------------------------------------------------------------+
; WIDTH          ; 32    ; Signed Integer                                                ;
+----------------+-------+---------------------------------------------------------------+
Note: In order to hide this table in the UI and the text report file, please set the "Show Parameter Settings in Synthesis Report" option in "Analysis and Synthesis Settings -> More Settings" to "Off".


+--------------------------------------------------------------------------------------------+
; Parameter Settings for User Entity Instance: videocard:videocard_main|arbiter:arbiter_inst ;
+----------------+-------+-------------------------------------------------------------------+
; Parameter Name ; Value ; Type                                                              ;
+----------------+-------+-------------------------------------------------------------------+
; WIDTH          ; 32    ; Signed Integer                                                    ;
; CORE_NUM       ; 4     ; Signed Integer                                                    ;
+----------------+-------+-------------------------------------------------------------------+
Note: In order to hide this table in the UI and the text report file, please set the "Show Parameter Settings in Synthesis Report" option in "Analysis and Synthesis Settings -> More Settings" to "Off".


+-------------------------------------------------------------------------------------------------------------+
; Parameter Settings for User Entity Instance: videocard:videocard_main|interrupt_controller:inter_controller ;
+----------------+-------+------------------------------------------------------------------------------------+
; Parameter Name ; Value ; Type                                                                               ;
+----------------+-------+------------------------------------------------------------------------------------+
; CORE_NUM       ; 4     ; Signed Integer                                                                     ;
+----------------+-------+------------------------------------------------------------------------------------+
Note: In order to hide this table in the UI and the text report file, please set the "Show Parameter Settings in Synthesis Report" option in "Analysis and Synthesis Settings -> More Settings" to "Off".


+----------------------------------------------------------------------------------+
; Parameter Settings for User Entity Instance: videocard:videocard_main|core:core0 ;
+----------------+-------+---------------------------------------------------------+
; Parameter Name ; Value ; Type                                                    ;
+----------------+-------+---------------------------------------------------------+
; WIDTH          ; 32    ; Signed Integer                                          ;
; REGS_CODING    ; 3     ; Signed Integer                                          ;
; FLAGS          ; 4     ; Signed Integer                                          ;
; CARRY          ; 0     ; Signed Integer                                          ;
; SIGN           ; 1     ; Signed Integer                                          ;
; OVERFLOW       ; 2     ; Signed Integer                                          ;
; ZERO           ; 3     ; Signed Integer                                          ;
; OPCODE         ; 4     ; Signed Integer                                          ;
; MOV_CODE       ; 3     ; Signed Integer                                          ;
; STATE_WIDTH    ; 2     ; Signed Integer                                          ;
; CORE_NUM       ; 2     ; Signed Integer                                          ;
; INT_NUM        ; 3     ; Signed Integer                                          ;
+----------------+-------+---------------------------------------------------------+
Note: In order to hide this table in the UI and the text report file, please set the "Show Parameter Settings in Synthesis Report" option in "Analysis and Synthesis Settings -> More Settings" to "Off".


+-------------------------------------------------------------------------------------------------------------------+
; Parameter Settings for User Entity Instance: videocard:videocard_main|core:core0|instr_decoder:instr_decoder_main ;
+----------------+-------+------------------------------------------------------------------------------------------+
; Parameter Name ; Value ; Type                                                                                     ;
+----------------+-------+------------------------------------------------------------------------------------------+
; WIDTH          ; 32    ; Signed Integer                                                                           ;
; OPCODE         ; 4     ; Signed Integer                                                                           ;
; REGS_CODING    ; 3     ; Signed Integer                                                                           ;
; FLAGS          ; 4     ; Signed Integer                                                                           ;
; CARRY          ; 0     ; Signed Integer                                                                           ;
; SIGN           ; 1     ; Signed Integer                                                                           ;
; OVERFLOW       ; 2     ; Signed Integer                                                                           ;
; ZERO           ; 3     ; Signed Integer                                                                           ;
; CORE_NUMBER    ; 2     ; Signed Integer                                                                           ;
; INT_NUM        ; 3     ; Signed Integer                                                                           ;
+----------------+-------+------------------------------------------------------------------------------------------+
Note: In order to hide this table in the UI and the text report file, please set the "Show Parameter Settings in Synthesis Report" option in "Analysis and Synthesis Settings -> More Settings" to "Off".


+-----------------------------------------------------------------------------------------------+
; Parameter Settings for User Entity Instance: videocard:videocard_main|core:core0|alu:alu_main ;
+----------------+-------+----------------------------------------------------------------------+
; Parameter Name ; Value ; Type                                                                 ;
+----------------+-------+----------------------------------------------------------------------+
; WIDTH          ; 32    ; Signed Integer                                                       ;
; OPCODE         ; 4     ; Signed Integer                                                       ;
; REGS_CODING    ; 3     ; Signed Integer                                                       ;
; FLAGS          ; 4     ; Signed Integer                                                       ;
; CARRY          ; 0     ; Signed Integer                                                       ;
; SIGN           ; 1     ; Signed Integer                                                       ;
; OVERFLOW       ; 2     ; Signed Integer                                                       ;
; ZERO           ; 3     ; Signed Integer                                                       ;
+----------------+-------+----------------------------------------------------------------------+
Note: In order to hide this table in the UI and the text report file, please set the "Show Parameter Settings in Synthesis Report" option in "Analysis and Synthesis Settings -> More Settings" to "Off".


+----------------------------------------------------------------------------------+
; Parameter Settings for User Entity Instance: videocard:videocard_main|core:core1 ;
+----------------+-------+---------------------------------------------------------+
; Parameter Name ; Value ; Type                                                    ;
+----------------+-------+---------------------------------------------------------+
; WIDTH          ; 32    ; Signed Integer                                          ;
; REGS_CODING    ; 3     ; Signed Integer                                          ;
; FLAGS          ; 4     ; Signed Integer                                          ;
; CARRY          ; 0     ; Signed Integer                                          ;
; SIGN           ; 1     ; Signed Integer                                          ;
; OVERFLOW       ; 2     ; Signed Integer                                          ;
; ZERO           ; 3     ; Signed Integer                                          ;
; OPCODE         ; 4     ; Signed Integer                                          ;
; MOV_CODE       ; 3     ; Signed Integer                                          ;
; STATE_WIDTH    ; 2     ; Signed Integer                                          ;
; CORE_NUM       ; 2     ; Signed Integer                                          ;
; INT_NUM        ; 3     ; Signed Integer                                          ;
+----------------+-------+---------------------------------------------------------+
Note: In order to hide this table in the UI and the text report file, please set the "Show Parameter Settings in Synthesis Report" option in "Analysis and Synthesis Settings -> More Settings" to "Off".


+-------------------------------------------------------------------------------------------------------------------+
; Parameter Settings for User Entity Instance: videocard:videocard_main|core:core1|instr_decoder:instr_decoder_main ;
+----------------+-------+------------------------------------------------------------------------------------------+
; Parameter Name ; Value ; Type                                                                                     ;
+----------------+-------+------------------------------------------------------------------------------------------+
; WIDTH          ; 32    ; Signed Integer                                                                           ;
; OPCODE         ; 4     ; Signed Integer                                                                           ;
; REGS_CODING    ; 3     ; Signed Integer                                                                           ;
; FLAGS          ; 4     ; Signed Integer                                                                           ;
; CARRY          ; 0     ; Signed Integer                                                                           ;
; SIGN           ; 1     ; Signed Integer                                                                           ;
; OVERFLOW       ; 2     ; Signed Integer                                                                           ;
; ZERO           ; 3     ; Signed Integer                                                                           ;
; CORE_NUMBER    ; 2     ; Signed Integer                                                                           ;
; INT_NUM        ; 3     ; Signed Integer                                                                           ;
+----------------+-------+------------------------------------------------------------------------------------------+
Note: In order to hide this table in the UI and the text report file, please set the "Show Parameter Settings in Synthesis Report" option in "Analysis and Synthesis Settings -> More Settings" to "Off".


+-----------------------------------------------------------------------------------------------+
; Parameter Settings for User Entity Instance: videocard:videocard_main|core:core1|alu:alu_main ;
+----------------+-------+----------------------------------------------------------------------+
; Parameter Name ; Value ; Type                                                                 ;
+----------------+-------+----------------------------------------------------------------------+
; WIDTH          ; 32    ; Signed Integer                                                       ;
; OPCODE         ; 4     ; Signed Integer                                                       ;
; REGS_CODING    ; 3     ; Signed Integer                                                       ;
; FLAGS          ; 4     ; Signed Integer                                                       ;
; CARRY          ; 0     ; Signed Integer                                                       ;
; SIGN           ; 1     ; Signed Integer                                                       ;
; OVERFLOW       ; 2     ; Signed Integer                                                       ;
; ZERO           ; 3     ; Signed Integer                                                       ;
+----------------+-------+----------------------------------------------------------------------+
Note: In order to hide this table in the UI and the text report file, please set the "Show Parameter Settings in Synthesis Report" option in "Analysis and Synthesis Settings -> More Settings" to "Off".


+----------------------------------------------------------------------------------+
; Parameter Settings for User Entity Instance: videocard:videocard_main|core:core2 ;
+----------------+-------+---------------------------------------------------------+
; Parameter Name ; Value ; Type                                                    ;
+----------------+-------+---------------------------------------------------------+
; WIDTH          ; 32    ; Signed Integer                                          ;
; REGS_CODING    ; 3     ; Signed Integer                                          ;
; FLAGS          ; 4     ; Signed Integer                                          ;
; CARRY          ; 0     ; Signed Integer                                          ;
; SIGN           ; 1     ; Signed Integer                                          ;
; OVERFLOW       ; 2     ; Signed Integer                                          ;
; ZERO           ; 3     ; Signed Integer                                          ;
; OPCODE         ; 4     ; Signed Integer                                          ;
; MOV_CODE       ; 3     ; Signed Integer                                          ;
; STATE_WIDTH    ; 2     ; Signed Integer                                          ;
; CORE_NUM       ; 2     ; Signed Integer                                          ;
; INT_NUM        ; 3     ; Signed Integer                                          ;
+----------------+-------+---------------------------------------------------------+
Note: In order to hide this table in the UI and the text report file, please set the "Show Parameter Settings in Synthesis Report" option in "Analysis and Synthesis Settings -> More Settings" to "Off".


+-------------------------------------------------------------------------------------------------------------------+
; Parameter Settings for User Entity Instance: videocard:videocard_main|core:core2|instr_decoder:instr_decoder_main ;
+----------------+-------+------------------------------------------------------------------------------------------+
; Parameter Name ; Value ; Type                                                                                     ;
+----------------+-------+------------------------------------------------------------------------------------------+
; WIDTH          ; 32    ; Signed Integer                                                                           ;
; OPCODE         ; 4     ; Signed Integer                                                                           ;
; REGS_CODING    ; 3     ; Signed Integer                                                                           ;
; FLAGS          ; 4     ; Signed Integer                                                                           ;
; CARRY          ; 0     ; Signed Integer                                                                           ;
; SIGN           ; 1     ; Signed Integer                                                                           ;
; OVERFLOW       ; 2     ; Signed Integer                                                                           ;
; ZERO           ; 3     ; Signed Integer                                                                           ;
; CORE_NUMBER    ; 2     ; Signed Integer                                                                           ;
; INT_NUM        ; 3     ; Signed Integer                                                                           ;
+----------------+-------+------------------------------------------------------------------------------------------+
Note: In order to hide this table in the UI and the text report file, please set the "Show Parameter Settings in Synthesis Report" option in "Analysis and Synthesis Settings -> More Settings" to "Off".


+-----------------------------------------------------------------------------------------------+
; Parameter Settings for User Entity Instance: videocard:videocard_main|core:core2|alu:alu_main ;
+----------------+-------+----------------------------------------------------------------------+
; Parameter Name ; Value ; Type                                                                 ;
+----------------+-------+----------------------------------------------------------------------+
; WIDTH          ; 32    ; Signed Integer                                                       ;
; OPCODE         ; 4     ; Signed Integer                                                       ;
; REGS_CODING    ; 3     ; Signed Integer                                                       ;
; FLAGS          ; 4     ; Signed Integer                                                       ;
; CARRY          ; 0     ; Signed Integer                                                       ;
; SIGN           ; 1     ; Signed Integer                                                       ;
; OVERFLOW       ; 2     ; Signed Integer                                                       ;
; ZERO           ; 3     ; Signed Integer                                                       ;
+----------------+-------+----------------------------------------------------------------------+
Note: In order to hide this table in the UI and the text report file, please set the "Show Parameter Settings in Synthesis Report" option in "Analysis and Synthesis Settings -> More Settings" to "Off".


+----------------------------------------------------------------------------------+
; Parameter Settings for User Entity Instance: videocard:videocard_main|core:core3 ;
+----------------+-------+---------------------------------------------------------+
; Parameter Name ; Value ; Type                                                    ;
+----------------+-------+---------------------------------------------------------+
; WIDTH          ; 32    ; Signed Integer                                          ;
; REGS_CODING    ; 3     ; Signed Integer                                          ;
; FLAGS          ; 4     ; Signed Integer                                          ;
; CARRY          ; 0     ; Signed Integer                                          ;
; SIGN           ; 1     ; Signed Integer                                          ;
; OVERFLOW       ; 2     ; Signed Integer                                          ;
; ZERO           ; 3     ; Signed Integer                                          ;
; OPCODE         ; 4     ; Signed Integer                                          ;
; MOV_CODE       ; 3     ; Signed Integer                                          ;
; STATE_WIDTH    ; 2     ; Signed Integer                                          ;
; CORE_NUM       ; 2     ; Signed Integer                                          ;
; INT_NUM        ; 3     ; Signed Integer                                          ;
+----------------+-------+---------------------------------------------------------+
Note: In order to hide this table in the UI and the text report file, please set the "Show Parameter Settings in Synthesis Report" option in "Analysis and Synthesis Settings -> More Settings" to "Off".


+-------------------------------------------------------------------------------------------------------------------+
; Parameter Settings for User Entity Instance: videocard:videocard_main|core:core3|instr_decoder:instr_decoder_main ;
+----------------+-------+------------------------------------------------------------------------------------------+
; Parameter Name ; Value ; Type                                                                                     ;
+----------------+-------+------------------------------------------------------------------------------------------+
; WIDTH          ; 32    ; Signed Integer                                                                           ;
; OPCODE         ; 4     ; Signed Integer                                                                           ;
; REGS_CODING    ; 3     ; Signed Integer                                                                           ;
; FLAGS          ; 4     ; Signed Integer                                                                           ;
; CARRY          ; 0     ; Signed Integer                                                                           ;
; SIGN           ; 1     ; Signed Integer                                                                           ;
; OVERFLOW       ; 2     ; Signed Integer                                                                           ;
; ZERO           ; 3     ; Signed Integer                                                                           ;
; CORE_NUMBER    ; 2     ; Signed Integer                                                                           ;
; INT_NUM        ; 3     ; Signed Integer                                                                           ;
+----------------+-------+------------------------------------------------------------------------------------------+
Note: In order to hide this table in the UI and the text report file, please set the "Show Parameter Settings in Synthesis Report" option in "Analysis and Synthesis Settings -> More Settings" to "Off".


+-----------------------------------------------------------------------------------------------+
; Parameter Settings for User Entity Instance: videocard:videocard_main|core:core3|alu:alu_main ;
+----------------+-------+----------------------------------------------------------------------+
; Parameter Name ; Value ; Type                                                                 ;
+----------------+-------+----------------------------------------------------------------------+
; WIDTH          ; 32    ; Signed Integer                                                       ;
; OPCODE         ; 4     ; Signed Integer                                                       ;
; REGS_CODING    ; 3     ; Signed Integer                                                       ;
; FLAGS          ; 4     ; Signed Integer                                                       ;
; CARRY          ; 0     ; Signed Integer                                                       ;
; SIGN           ; 1     ; Signed Integer                                                       ;
; OVERFLOW       ; 2     ; Signed Integer                                                       ;
; ZERO           ; 3     ; Signed Integer                                                       ;
+----------------+-------+----------------------------------------------------------------------+
Note: In order to hide this table in the UI and the text report file, please set the "Show Parameter Settings in Synthesis Report" option in "Analysis and Synthesis Settings -> More Settings" to "Off".


+------------------------------------------------------------------------------------------+
; altsyncram Parameter Settings by Entity Instance                                         ;
+-------------------------------------------+----------------------------------------------+
; Name                                      ; Value                                        ;
+-------------------------------------------+----------------------------------------------+
; Number of entity instances                ; 1                                            ;
; Entity Instance                           ; RAM:ram_inst|altsyncram:altsyncram_component ;
;     -- OPERATION_MODE                     ; SINGLE_PORT                                  ;
;     -- WIDTH_A                            ; 32                                           ;
;     -- NUMWORDS_A                         ; 65536                                        ;
;     -- OUTDATA_REG_A                      ; CLOCK0                                       ;
;     -- WIDTH_B                            ; 1                                            ;
;     -- NUMWORDS_B                         ; 1                                            ;
;     -- ADDRESS_REG_B                      ; CLOCK1                                       ;
;     -- OUTDATA_REG_B                      ; UNREGISTERED                                 ;
;     -- RAM_BLOCK_TYPE                     ; AUTO                                         ;
;     -- READ_DURING_WRITE_MODE_MIXED_PORTS ; DONT_CARE                                    ;
+-------------------------------------------+----------------------------------------------+


+---------------------------------------------------------------------------------------------------------------------------+
; Analysis & Elaboration Settings                                                                                           ;
+---------------------------------------------------------------------------------+--------------------+--------------------+
; Option                                                                          ; Setting            ; Default Value      ;
+---------------------------------------------------------------------------------+--------------------+--------------------+
; Device                                                                          ; 5CSEMA5F31C6       ;                    ;
; Top-level entity name                                                           ; videocard_tb       ; Reborn             ;
; Family name                                                                     ; Cyclone V          ; Cyclone V          ;
; Use smart compilation                                                           ; Off                ; Off                ;
; Enable parallel Assembler and Timing Analyzer during compilation                ; On                 ; On                 ;
; Enable compact report table                                                     ; Off                ; Off                ;
; Restructure Multiplexers                                                        ; Auto               ; Auto               ;
; MLAB Add Timing Constraints For Mixed-Port Feed-Through Mode Setting Don't Care ; Off                ; Off                ;
; Create Debugging Nodes for IP Cores                                             ; Off                ; Off                ;
; Preserve fewer node names                                                       ; On                 ; On                 ;
; Intel FPGA IP Evaluation Mode                                                   ; Enable             ; Enable             ;
; Verilog Version                                                                 ; Verilog_2001       ; Verilog_2001       ;
; VHDL Version                                                                    ; VHDL_1993          ; VHDL_1993          ;
; State Machine Processing                                                        ; Auto               ; Auto               ;
; Safe State Machine                                                              ; Off                ; Off                ;
; Extract Verilog State Machines                                                  ; On                 ; On                 ;
; Extract VHDL State Machines                                                     ; On                 ; On                 ;
; Ignore Verilog initial constructs                                               ; Off                ; Off                ;
; Iteration limit for constant Verilog loops                                      ; 5000               ; 5000               ;
; Iteration limit for non-constant Verilog loops                                  ; 250                ; 250                ;
; Add Pass-Through Logic to Inferred RAMs                                         ; On                 ; On                 ;
; Infer RAMs from Raw Logic                                                       ; On                 ; On                 ;
; Parallel Synthesis                                                              ; On                 ; On                 ;
; DSP Block Balancing                                                             ; Auto               ; Auto               ;
; NOT Gate Push-Back                                                              ; On                 ; On                 ;
; Power-Up Don't Care                                                             ; On                 ; On                 ;
; Remove Redundant Logic Cells                                                    ; Off                ; Off                ;
; Remove Duplicate Registers                                                      ; On                 ; On                 ;
; Ignore CARRY Buffers                                                            ; Off                ; Off                ;
; Ignore CASCADE Buffers                                                          ; Off                ; Off                ;
; Ignore GLOBAL Buffers                                                           ; Off                ; Off                ;
; Ignore ROW GLOBAL Buffers                                                       ; Off                ; Off                ;
; Ignore LCELL Buffers                                                            ; Off                ; Off                ;
; Ignore SOFT Buffers                                                             ; On                 ; On                 ;
; Limit AHDL Integers to 32 Bits                                                  ; Off                ; Off                ;
; Optimization Technique                                                          ; Balanced           ; Balanced           ;
; Carry Chain Length                                                              ; 70                 ; 70                 ;
; Auto Carry Chains                                                               ; On                 ; On                 ;
; Auto Open-Drain Pins                                                            ; On                 ; On                 ;
; Perform WYSIWYG Primitive Resynthesis                                           ; Off                ; Off                ;
; Auto ROM Replacement                                                            ; On                 ; On                 ;
; Auto RAM Replacement                                                            ; On                 ; On                 ;
; Auto DSP Block Replacement                                                      ; On                 ; On                 ;
; Auto Shift Register Replacement                                                 ; Auto               ; Auto               ;
; Allow Shift Register Merging across Hierarchies                                 ; Auto               ; Auto               ;
; Auto Clock Enable Replacement                                                   ; On                 ; On                 ;
; Strict RAM Replacement                                                          ; Off                ; Off                ;
; Allow Synchronous Control Signals                                               ; On                 ; On                 ;
; Force Use of Synchronous Clear Signals                                          ; Off                ; Off                ;
; Auto Resource Sharing                                                           ; Off                ; Off                ;
; Allow Any RAM Size For Recognition                                              ; Off                ; Off                ;
; Allow Any ROM Size For Recognition                                              ; Off                ; Off                ;
; Allow Any Shift Register Size For Recognition                                   ; Off                ; Off                ;
; Use LogicLock Constraints during Resource Balancing                             ; On                 ; On                 ;
; Ignore translate_off and synthesis_off directives                               ; Off                ; Off                ;
; Timing-Driven Synthesis                                                         ; On                 ; On                 ;
; Report Parameter Settings                                                       ; On                 ; On                 ;
; Report Source Assignments                                                       ; On                 ; On                 ;
; Report Connectivity Checks                                                      ; On                 ; On                 ;
; Ignore Maximum Fan-Out Assignments                                              ; Off                ; Off                ;
; Synchronization Register Chain Length                                           ; 3                  ; 3                  ;
; Power Optimization During Synthesis                                             ; Normal compilation ; Normal compilation ;
; HDL message level                                                               ; Level2             ; Level2             ;
; Suppress Register Optimization Related Messages                                 ; Off                ; Off                ;
; Number of Removed Registers Reported in Synthesis Report                        ; 5000               ; 5000               ;
; Number of Swept Nodes Reported in Synthesis Report                              ; 5000               ; 5000               ;
; Number of Inverted Registers Reported in Synthesis Report                       ; 100                ; 100                ;
; Clock MUX Protection                                                            ; On                 ; On                 ;
; Auto Gated Clock Conversion                                                     ; Off                ; Off                ;
; Block Design Naming                                                             ; Auto               ; Auto               ;
; SDC constraint protection                                                       ; Off                ; Off                ;
; Synthesis Effort                                                                ; Auto               ; Auto               ;
; Shift Register Replacement - Allow Asynchronous Clear Signal                    ; On                 ; On                 ;
; Pre-Mapping Resynthesis Optimization                                            ; Off                ; Off                ;
; Analysis & Synthesis Message Level                                              ; Medium             ; Medium             ;
; Disable Register Merging Across Hierarchies                                     ; Auto               ; Auto               ;
; Resource Aware Inference For Block RAM                                          ; On                 ; On                 ;
; Automatic Parallel Synthesis                                                    ; On                 ; On                 ;
; Partial Reconfiguration Bitstream ID                                            ; Off                ; Off                ;
+---------------------------------------------------------------------------------+--------------------+--------------------+


+----------------------------------------------------------------------------------------------------------------------+
; Port Connectivity Checks: "videocard:videocard_main|core:core3"                                                      ;
+------------+--------+----------+-------------------------------------------------------------------------------------+
; Port       ; Type   ; Severity ; Details                                                                             ;
+------------+--------+----------+-------------------------------------------------------------------------------------+
; core_index ; Input  ; Info     ; Stuck at VCC                                                                        ;
; int_num    ; Output ; Info     ; Connected to dangling logic. Logic that only feeds a dangling port will be removed. ;
+------------+--------+----------+-------------------------------------------------------------------------------------+


+-------------------------------------------------------------------------------------------------------------------------+
; Port Connectivity Checks: "videocard:videocard_main|core:core2"                                                         ;
+---------------+--------+----------+-------------------------------------------------------------------------------------+
; Port          ; Type   ; Severity ; Details                                                                             ;
+---------------+--------+----------+-------------------------------------------------------------------------------------+
; core_index[1] ; Input  ; Info     ; Stuck at VCC                                                                        ;
; core_index[0] ; Input  ; Info     ; Stuck at GND                                                                        ;
; int_num       ; Output ; Info     ; Connected to dangling logic. Logic that only feeds a dangling port will be removed. ;
+---------------+--------+----------+-------------------------------------------------------------------------------------+


+-------------------------------------------------------------------------------------------------------------------------+
; Port Connectivity Checks: "videocard:videocard_main|core:core1"                                                         ;
+---------------+--------+----------+-------------------------------------------------------------------------------------+
; Port          ; Type   ; Severity ; Details                                                                             ;
+---------------+--------+----------+-------------------------------------------------------------------------------------+
; core_index[1] ; Input  ; Info     ; Stuck at GND                                                                        ;
; core_index[0] ; Input  ; Info     ; Stuck at VCC                                                                        ;
; int_num       ; Output ; Info     ; Connected to dangling logic. Logic that only feeds a dangling port will be removed. ;
+---------------+--------+----------+-------------------------------------------------------------------------------------+


+----------------------------------------------------------------------------------------------------------------------+
; Port Connectivity Checks: "videocard:videocard_main|core:core0"                                                      ;
+------------+--------+----------+-------------------------------------------------------------------------------------+
; Port       ; Type   ; Severity ; Details                                                                             ;
+------------+--------+----------+-------------------------------------------------------------------------------------+
; core_index ; Input  ; Info     ; Stuck at GND                                                                        ;
; int_num    ; Output ; Info     ; Connected to dangling logic. Logic that only feeds a dangling port will be removed. ;
+------------+--------+----------+-------------------------------------------------------------------------------------+


+-------------------------------------------------------------------------------------------------------------------------------------------------+
; Port Connectivity Checks: "videocard:videocard_main"                                                                                            ;
+------------------+--------+----------+----------------------------------------------------------------------------------------------------------+
; Port             ; Type   ; Severity ; Details                                                                                                  ;
+------------------+--------+----------+----------------------------------------------------------------------------------------------------------+
; address[31..16]  ; Output ; Info     ; Connected to dangling logic. Logic that only feeds a dangling port will be removed.                      ;
; interrupt_start  ; Input  ; Info     ; Stuck at GND                                                                                             ;
; interrupt_finish ; Output ; Warning  ; Declared by entity but not connected by instance. Logic that only feeds a dangling port will be removed. ;
+------------------+--------+----------+----------------------------------------------------------------------------------------------------------+


+---------------------------------+
; Analysis & Elaboration Messages ;
+---------------------------------+
Info: *******************************************************************
Info: Running Quartus Prime Analysis & Elaboration
    Info: Version 20.1.1 Build 720 11/11/2020 SJ Lite Edition
    Info: Processing started: Tue Mar  9 17:52:54 2021
Info: Command: quartus_map --read_settings_files=on --write_settings_files=off Reborn -c Reborn --analysis_and_elaboration
Warning (18236): Number of processors has not been specified which may cause overloading on shared machines.  Set the global assignment NUM_PARALLEL_PROCESSORS in your QSF to an appropriate value for best performance.
Info (20030): Parallel compilation is enabled and will use 4 of the 4 processors detected
Info (12021): Found 1 design units, including 1 entities, in source file test_benches/videocard_tb.v
    Info (12023): Found entity 1: videocard_tb File: /home/pasha/Documents/poc_acs/PureFPGA/Reborn/test_benches/videocard_tb.v Line: 2
Info (12021): Found 1 design units, including 1 entities, in source file test_benches/core_tb.v
    Info (12023): Found entity 1: core_tb File: /home/pasha/Documents/poc_acs/PureFPGA/Reborn/test_benches/core_tb.v Line: 2
Info (12021): Found 1 design units, including 1 entities, in source file core/move_ctrl.v
    Info (12023): Found entity 1: move_ctrl File: /home/pasha/Documents/poc_acs/PureFPGA/Reborn/core/move_ctrl.v Line: 1
Info (12021): Found 1 design units, including 1 entities, in source file core/memory_ctrl.v
    Info (12023): Found entity 1: request_ctrl File: /home/pasha/Documents/poc_acs/PureFPGA/Reborn/core/memory_ctrl.v Line: 1
Info (12021): Found 1 design units, including 1 entities, in source file core/instr_decoder.v
    Info (12023): Found entity 1: instr_decoder File: /home/pasha/Documents/poc_acs/PureFPGA/Reborn/core/instr_decoder.v Line: 1
Info (12021): Found 1 design units, including 1 entities, in source file core/core.v
    Info (12023): Found entity 1: core File: /home/pasha/Documents/poc_acs/PureFPGA/Reborn/core/core.v Line: 1
Info (12021): Found 1 design units, including 1 entities, in source file core/alu.v
    Info (12023): Found entity 1: alu File: /home/pasha/Documents/poc_acs/PureFPGA/Reborn/core/alu.v Line: 1
Info (12021): Found 1 design units, including 1 entities, in source file test_benches/instruction_decoder_tb.v
    Info (12023): Found entity 1: instruction_decoder_tb File: /home/pasha/Documents/poc_acs/PureFPGA/Reborn/test_benches/instruction_decoder_tb.v Line: 2
Info (12021): Found 1 design units, including 1 entities, in source file memory/RAM.v
    Info (12023): Found entity 1: RAM File: /home/pasha/Documents/poc_acs/PureFPGA/Reborn/memory/RAM.v Line: 40
Info (12021): Found 1 design units, including 1 entities, in source file memory/arbiter.v
    Info (12023): Found entity 1: arbiter File: /home/pasha/Documents/poc_acs/PureFPGA/Reborn/memory/arbiter.v Line: 1
Info (12021): Found 1 design units, including 1 entities, in source file test_benches/arbiter_tb.v
    Info (12023): Found entity 1: arbiter_tb File: /home/pasha/Documents/poc_acs/PureFPGA/Reborn/test_benches/arbiter_tb.v Line: 2
Info (12021): Found 1 design units, including 1 entities, in source file videocard/videocard.v
    Info (12023): Found entity 1: videocard File: /home/pasha/Documents/poc_acs/PureFPGA/Reborn/videocard/videocard.v Line: 1
Info (12021): Found 1 design units, including 1 entities, in source file memory/four_way_rom.v
    Info (12023): Found entity 1: four_way_rom File: /home/pasha/Documents/poc_acs/PureFPGA/Reborn/memory/four_way_rom.v Line: 1
Info (12021): Found 1 design units, including 1 entities, in source file videocard/interrupt_controller.v
    Info (12023): Found entity 1: interrupt_controller File: /home/pasha/Documents/poc_acs/PureFPGA/Reborn/videocard/interrupt_controller.v Line: 1
Info (12021): Found 1 design units, including 1 entities, in source file test_benches/interrupt_controller_tb.v
    Info (12023): Found entity 1: interrupt_controller_tb File: /home/pasha/Documents/poc_acs/PureFPGA/Reborn/test_benches/interrupt_controller_tb.v Line: 2
Info (12127): Elaborating entity "videocard_tb" for the top level hierarchy
Warning (10175): Verilog HDL warning at videocard_tb.v(48): ignoring unsupported system task File: /home/pasha/Documents/poc_acs/PureFPGA/Reborn/test_benches/videocard_tb.v Line: 48
Warning (10755): Verilog HDL warning at videocard_tb.v(52): assignments to clk create a combinational loop File: /home/pasha/Documents/poc_acs/PureFPGA/Reborn/test_benches/videocard_tb.v Line: 52
Info (12128): Elaborating entity "RAM" for hierarchy "RAM:ram_inst" File: /home/pasha/Documents/poc_acs/PureFPGA/Reborn/test_benches/videocard_tb.v Line: 25
Info (12128): Elaborating entity "altsyncram" for hierarchy "RAM:ram_inst|altsyncram:altsyncram_component" File: /home/pasha/Documents/poc_acs/PureFPGA/Reborn/memory/RAM.v Line: 86
Info (12130): Elaborated megafunction instantiation "RAM:ram_inst|altsyncram:altsyncram_component" File: /home/pasha/Documents/poc_acs/PureFPGA/Reborn/memory/RAM.v Line: 86
Info (12133): Instantiated megafunction "RAM:ram_inst|altsyncram:altsyncram_component" with the following parameter: File: /home/pasha/Documents/poc_acs/PureFPGA/Reborn/memory/RAM.v Line: 86
    Info (12134): Parameter "clock_enable_input_a" = "BYPASS"
    Info (12134): Parameter "clock_enable_output_a" = "BYPASS"
    Info (12134): Parameter "intended_device_family" = "Cyclone V"
    Info (12134): Parameter "lpm_hint" = "ENABLE_RUNTIME_MOD=NO"
    Info (12134): Parameter "lpm_type" = "altsyncram"
    Info (12134): Parameter "numwords_a" = "65536"
    Info (12134): Parameter "operation_mode" = "SINGLE_PORT"
    Info (12134): Parameter "outdata_aclr_a" = "NONE"
    Info (12134): Parameter "outdata_reg_a" = "CLOCK0"
    Info (12134): Parameter "power_up_uninitialized" = "FALSE"
    Info (12134): Parameter "read_during_write_mode_port_a" = "NEW_DATA_NO_NBE_READ"
    Info (12134): Parameter "widthad_a" = "16"
    Info (12134): Parameter "width_a" = "32"
    Info (12134): Parameter "width_byteena_a" = "1"
Info (12021): Found 1 design units, including 1 entities, in source file db/altsyncram_arl1.tdf
    Info (12023): Found entity 1: altsyncram_arl1 File: /home/pasha/Documents/poc_acs/PureFPGA/Reborn/db/altsyncram_arl1.tdf Line: 34
Info (12128): Elaborating entity "altsyncram_arl1" for hierarchy "RAM:ram_inst|altsyncram:altsyncram_component|altsyncram_arl1:auto_generated" File: /opt/intelFPGA/20.1/quartus/libraries/megafunctions/altsyncram.tdf Line: 792
Info (12021): Found 1 design units, including 1 entities, in source file db/decode_dla.tdf
    Info (12023): Found entity 1: decode_dla File: /home/pasha/Documents/poc_acs/PureFPGA/Reborn/db/decode_dla.tdf Line: 23
Info (12128): Elaborating entity "decode_dla" for hierarchy "RAM:ram_inst|altsyncram:altsyncram_component|altsyncram_arl1:auto_generated|decode_dla:decode3" File: /home/pasha/Documents/poc_acs/PureFPGA/Reborn/db/altsyncram_arl1.tdf Line: 45
Info (12021): Found 1 design units, including 1 entities, in source file db/decode_61a.tdf
    Info (12023): Found entity 1: decode_61a File: /home/pasha/Documents/poc_acs/PureFPGA/Reborn/db/decode_61a.tdf Line: 23
Info (12128): Elaborating entity "decode_61a" for hierarchy "RAM:ram_inst|altsyncram:altsyncram_component|altsyncram_arl1:auto_generated|decode_61a:rden_decode" File: /home/pasha/Documents/poc_acs/PureFPGA/Reborn/db/altsyncram_arl1.tdf Line: 46
Info (12021): Found 1 design units, including 1 entities, in source file db/mux_ahb.tdf
    Info (12023): Found entity 1: mux_ahb File: /home/pasha/Documents/poc_acs/PureFPGA/Reborn/db/mux_ahb.tdf Line: 23
Info (12128): Elaborating entity "mux_ahb" for hierarchy "RAM:ram_inst|altsyncram:altsyncram_component|altsyncram_arl1:auto_generated|mux_ahb:mux2" File: /home/pasha/Documents/poc_acs/PureFPGA/Reborn/db/altsyncram_arl1.tdf Line: 47
Info (12128): Elaborating entity "videocard" for hierarchy "videocard:videocard_main" File: /home/pasha/Documents/poc_acs/PureFPGA/Reborn/test_benches/videocard_tb.v Line: 35
Info (12128): Elaborating entity "four_way_rom" for hierarchy "videocard:videocard_main|four_way_rom:rom" File: /home/pasha/Documents/poc_acs/PureFPGA/Reborn/videocard/videocard.v Line: 66
Warning (10030): Net "data[511..14]" at four_way_rom.v(17) has no driver or initial value, using a default initial value '0' File: /home/pasha/Documents/poc_acs/PureFPGA/Reborn/memory/four_way_rom.v Line: 17
Warning (10030): Net "data[12..11]" at four_way_rom.v(17) has no driver or initial value, using a default initial value '0' File: /home/pasha/Documents/poc_acs/PureFPGA/Reborn/memory/four_way_rom.v Line: 17
Info (12128): Elaborating entity "arbiter" for hierarchy "videocard:videocard_main|arbiter:arbiter_inst" File: /home/pasha/Documents/poc_acs/PureFPGA/Reborn/videocard/videocard.v Line: 91
Info (12128): Elaborating entity "interrupt_controller" for hierarchy "videocard:videocard_main|interrupt_controller:inter_controller" File: /home/pasha/Documents/poc_acs/PureFPGA/Reborn/videocard/videocard.v Line: 98
Info (12128): Elaborating entity "core" for hierarchy "videocard:videocard_main|core:core0" File: /home/pasha/Documents/poc_acs/PureFPGA/Reborn/videocard/videocard.v Line: 116
Info (12128): Elaborating entity "instr_decoder" for hierarchy "videocard:videocard_main|core:core0|instr_decoder:instr_decoder_main" File: /home/pasha/Documents/poc_acs/PureFPGA/Reborn/core/core.v Line: 102
Info (12128): Elaborating entity "alu" for hierarchy "videocard:videocard_main|core:core0|alu:alu_main" File: /home/pasha/Documents/poc_acs/PureFPGA/Reborn/core/core.v Line: 116
Warning (12241): 1 hierarchies have connectivity warnings - see the Connectivity Checks report folder
Info (144001): Generated suppressed messages file /home/pasha/Documents/poc_acs/PureFPGA/Reborn/output_files/Reborn.map.smsg
Info: Quartus Prime Analysis & Elaboration was successful. 0 errors, 6 warnings
    Info: Peak virtual memory: 780 megabytes
    Info: Processing ended: Tue Mar  9 17:53:01 2021
    Info: Elapsed time: 00:00:07
    Info: Total CPU time (on all processors): 00:00:17


+--------------------------------------------+
; Analysis & Elaboration Suppressed Messages ;
+--------------------------------------------+
The suppressed messages can be found in /home/pasha/Documents/poc_acs/PureFPGA/Reborn/output_files/Reborn.map.smsg.


