00100001010011000110001010100100
10001111010100000000000000000000
01110010100111000100001011000000
10001110000101001111000001011111
10001100000101000000000000000000
00100100000101000000100000110101
10001110000101001111010001000111
10001100000101000000000000000000
00100110000101000010000101001100
01100010101001000100001011000000
10001111010100000000000000000001
01110010100111000100001011000000
10001110000101001111010001000111
10001100000101000000000000000000
00100100000101000000100000110101
10001110000101001111100000101111
10001100000101000000000000000000
00100110000101000010000101001100
01100010101001000100001011000000
10001111010100000000000000000010
01110010100111000100001011000000
10001110000101001111100000101111
10001100000101000000000000000000
00100100000101000000100000110101
10001110000101001111110000010111
10001100000101000000000000000000
00100110000101000010000101001100
01100010101001000100001011000000
10001111010100000000000000000011
01110010100111000100001011000000
10001110000101001111110000010111
10001100000101000000000000000000
00100100000101000000100000110101
10001110000101001111111111111111
10001100000101000000000000000000
00100110000101000100001011000000
10001111010101001111000001011111
10001101010101000000000000000000
00101001010101000010000101000100
00000010100000010101001010000000
01010010100000000000011010000001
00100011010001000100001011000000
