10001111010101000000000000000001
00000010100011010010000101010100
01000010100011010100001011000000
10001111010101000000000000000000
00000010100111010100001011000000
10001111010101000000000000000100
01010110100111010100001011000000
00000010100100010100001011000000
10001111010110000000000000001101
10001101010110000000000000000000
10001111010101000000000000010011
10001101010101000000000000000000
00011111010000000100001011000000
10001111010101000000000000000100
01000010100011010111101010011000
10001111010101000000000000000111
10001101010101000000000000000000
00010101010000000100001011000000
00100011010001000100001011000000
00001010100000100101001010000010
01010010100000100000011010000001
00011111100000000100001011000000
