Analysis & Synthesis report for Components
Thu Dec 31 18:55:27 2020
Quartus Prime Version 19.1.0 Build 670 09/22/2019 SJ Lite Edition


---------------------
; Table of Contents ;
---------------------
  1. Legal Notice
  2. Analysis & Synthesis Summary
  3. Analysis & Synthesis Settings
  4. Parallel Compilation
  5. Analysis & Synthesis Messages



----------------
; Legal Notice ;
----------------
Copyright (C) 2019  Intel Corporation. All rights reserved.
Your use of Intel Corporation's design tools, logic functions 
and other software and tools, and any partner logic 
functions, and any output files from any of the foregoing 
(including device programming or simulation files), and any 
associated documentation or information are expressly subject 
to the terms and conditions of the Intel Program License 
Subscription Agreement, the Intel Quartus Prime License Agreement,
the Intel FPGA IP License Agreement, or other applicable license
agreement, including, without limitation, that your use is for
the sole purpose of programming logic devices manufactured by
Intel and sold by Intel or its authorized distributors.  Please
refer to the applicable agreement for further details, at
https://fpgasoftware.intel.com/eula.



+---------------------------------------------------------------------------+
; Analysis & Synthesis Summary                                              ;
+-----------------------------+---------------------------------------------+
; Analysis & Synthesis Status ; Failed - Thu Dec 31 18:55:27 2020           ;
; Quartus Prime Version       ; 19.1.0 Build 670 09/22/2019 SJ Lite Edition ;
; Revision Name               ; Components                                  ;
; Top-level Entity Name       ; Components                                  ;
; Family                      ; Cyclone V                                   ;
; Logic utilization (in ALMs) ; N/A until Partition Merge                   ;
; Total registers             ; N/A until Partition Merge                   ;
; Total pins                  ; N/A until Partition Merge                   ;
; Total virtual pins          ; N/A until Partition Merge                   ;
; Total block memory bits     ; N/A until Partition Merge                   ;
; Total PLLs                  ; N/A until Partition Merge                   ;
; Total DLLs                  ; N/A until Partition Merge                   ;
+-----------------------------+---------------------------------------------+


+---------------------------------------------------------------------------------------------------------------------------+
; Analysis & Synthesis Settings                                                                                             ;
+---------------------------------------------------------------------------------+--------------------+--------------------+
; Option                                                                          ; Setting            ; Default Value      ;
+---------------------------------------------------------------------------------+--------------------+--------------------+
; Device                                                                          ; 5CGXFC7C7F23C8     ;                    ;
; Top-level entity name                                                           ; Components         ; Components         ;
; Family name                                                                     ; Cyclone V          ; Cyclone V          ;
; Use smart compilation                                                           ; Off                ; Off                ;
; Enable parallel Assembler and Timing Analyzer during compilation                ; On                 ; On                 ;
; Enable compact report table                                                     ; Off                ; Off                ;
; Restructure Multiplexers                                                        ; Auto               ; Auto               ;
; MLAB Add Timing Constraints For Mixed-Port Feed-Through Mode Setting Don't Care ; Off                ; Off                ;
; Create Debugging Nodes for IP Cores                                             ; Off                ; Off                ;
; Preserve fewer node names                                                       ; On                 ; On                 ;
; Intel FPGA IP Evaluation Mode                                                   ; Enable             ; Enable             ;
; Verilog Version                                                                 ; Verilog_2001       ; Verilog_2001       ;
; VHDL Version                                                                    ; VHDL_1993          ; VHDL_1993          ;
; State Machine Processing                                                        ; Auto               ; Auto               ;
; Safe State Machine                                                              ; Off                ; Off                ;
; Extract Verilog State Machines                                                  ; On                 ; On                 ;
; Extract VHDL State Machines                                                     ; On                 ; On                 ;
; Ignore Verilog initial constructs                                               ; Off                ; Off                ;
; Iteration limit for constant Verilog loops                                      ; 5000               ; 5000               ;
; Iteration limit for non-constant Verilog loops                                  ; 250                ; 250                ;
; Add Pass-Through Logic to Inferred RAMs                                         ; On                 ; On                 ;
; Infer RAMs from Raw Logic                                                       ; On                 ; On                 ;
; Parallel Synthesis                                                              ; On                 ; On                 ;
; DSP Block Balancing                                                             ; Auto               ; Auto               ;
; NOT Gate Push-Back                                                              ; On                 ; On                 ;
; Power-Up Don't Care                                                             ; On                 ; On                 ;
; Remove Redundant Logic Cells                                                    ; Off                ; Off                ;
; Remove Duplicate Registers                                                      ; On                 ; On                 ;
; Ignore CARRY Buffers                                                            ; Off                ; Off                ;
; Ignore CASCADE Buffers                                                          ; Off                ; Off                ;
; Ignore GLOBAL Buffers                                                           ; Off                ; Off                ;
; Ignore ROW GLOBAL Buffers                                                       ; Off                ; Off                ;
; Ignore LCELL Buffers                                                            ; Off                ; Off                ;
; Ignore SOFT Buffers                                                             ; On                 ; On                 ;
; Limit AHDL Integers to 32 Bits                                                  ; Off                ; Off                ;
; Optimization Technique                                                          ; Balanced           ; Balanced           ;
; Carry Chain Length                                                              ; 70                 ; 70                 ;
; Auto Carry Chains                                                               ; On                 ; On                 ;
; Auto Open-Drain Pins                                                            ; On                 ; On                 ;
; Perform WYSIWYG Primitive Resynthesis                                           ; Off                ; Off                ;
; Auto ROM Replacement                                                            ; On                 ; On                 ;
; Auto RAM Replacement                                                            ; On                 ; On                 ;
; Auto DSP Block Replacement                                                      ; On                 ; On                 ;
; Auto Shift Register Replacement                                                 ; Auto               ; Auto               ;
; Allow Shift Register Merging across Hierarchies                                 ; Auto               ; Auto               ;
; Auto Clock Enable Replacement                                                   ; On                 ; On                 ;
; Strict RAM Replacement                                                          ; Off                ; Off                ;
; Allow Synchronous Control Signals                                               ; On                 ; On                 ;
; Force Use of Synchronous Clear Signals                                          ; Off                ; Off                ;
; Auto Resource Sharing                                                           ; Off                ; Off                ;
; Allow Any RAM Size For Recognition                                              ; Off                ; Off                ;
; Allow Any ROM Size For Recognition                                              ; Off                ; Off                ;
; Allow Any Shift Register Size For Recognition                                   ; Off                ; Off                ;
; Use LogicLock Constraints during Resource Balancing                             ; On                 ; On                 ;
; Ignore translate_off and synthesis_off directives                               ; Off                ; Off                ;
; Timing-Driven Synthesis                                                         ; On                 ; On                 ;
; Report Parameter Settings                                                       ; On                 ; On                 ;
; Report Source Assignments                                                       ; On                 ; On                 ;
; Report Connectivity Checks                                                      ; On                 ; On                 ;
; Ignore Maximum Fan-Out Assignments                                              ; Off                ; Off                ;
; Synchronization Register Chain Length                                           ; 3                  ; 3                  ;
; Power Optimization During Synthesis                                             ; Normal compilation ; Normal compilation ;
; HDL message level                                                               ; Level2             ; Level2             ;
; Suppress Register Optimization Related Messages                                 ; Off                ; Off                ;
; Number of Removed Registers Reported in Synthesis Report                        ; 5000               ; 5000               ;
; Number of Swept Nodes Reported in Synthesis Report                              ; 5000               ; 5000               ;
; Number of Inverted Registers Reported in Synthesis Report                       ; 100                ; 100                ;
; Clock MUX Protection                                                            ; On                 ; On                 ;
; Auto Gated Clock Conversion                                                     ; Off                ; Off                ;
; Block Design Naming                                                             ; Auto               ; Auto               ;
; SDC constraint protection                                                       ; Off                ; Off                ;
; Synthesis Effort                                                                ; Auto               ; Auto               ;
; Shift Register Replacement - Allow Asynchronous Clear Signal                    ; On                 ; On                 ;
; Pre-Mapping Resynthesis Optimization                                            ; Off                ; Off                ;
; Analysis & Synthesis Message Level                                              ; Medium             ; Medium             ;
; Disable Register Merging Across Hierarchies                                     ; Auto               ; Auto               ;
; Resource Aware Inference For Block RAM                                          ; On                 ; On                 ;
; Automatic Parallel Synthesis                                                    ; On                 ; On                 ;
; Partial Reconfiguration Bitstream ID                                            ; Off                ; Off                ;
+---------------------------------------------------------------------------------+--------------------+--------------------+


+------------------------------------------+
; Parallel Compilation                     ;
+----------------------------+-------------+
; Processors                 ; Number      ;
+----------------------------+-------------+
; Number detected on machine ; 8           ;
; Maximum allowed            ; 4           ;
;                            ;             ;
; Average used               ; 1.00        ;
; Maximum used               ; 1           ;
;                            ;             ;
; Usage by Processor         ; % Time Used ;
;     Processor 1            ; 100.0%      ;
+----------------------------+-------------+


+-------------------------------+
; Analysis & Synthesis Messages ;
+-------------------------------+
Info: *******************************************************************
Info: Running Quartus Prime Analysis & Synthesis
    Info: Version 19.1.0 Build 670 09/22/2019 SJ Lite Edition
    Info: Processing started: Thu Dec 31 18:55:20 2020
Info: Command: quartus_map --read_settings_files=on --write_settings_files=off Components -c Components
Warning (18236): Number of processors has not been specified which may cause overloading on shared machines.  Set the global assignment NUM_PARALLEL_PROCESSORS in your QSF to an appropriate value for best performance.
Info (20030): Parallel compilation is enabled and will use 4 of the 4 processors detected
Info (12021): Found 1 design units, including 1 entities, in source file ROM.v
    Info (12023): Found entity 1: ROM File: /home/tsapiv/POC/PureFPGA/Verilog_Components/ROM.v Line: 40
Info (12021): Found 1 design units, including 1 entities, in source file RAM_1.v
    Info (12023): Found entity 1: RAM_1 File: /home/tsapiv/POC/PureFPGA/Verilog_Components/RAM_1.v Line: 40
Info (12021): Found 1 design units, including 1 entities, in source file Instruction_Processor.v
    Info (12023): Found entity 1: InstructionProcessor File: /home/tsapiv/POC/PureFPGA/Verilog_Components/Instruction_Processor.v Line: 4
Info (12021): Found 1 design units, including 1 entities, in source file RAM.v
    Info (12023): Found entity 1: RAM File: /home/tsapiv/POC/PureFPGA/Verilog_Components/RAM.v Line: 40
Info (12021): Found 1 design units, including 1 entities, in source file SM.v
    Info (12023): Found entity 1: SM File: /home/tsapiv/POC/PureFPGA/Verilog_Components/SM.v Line: 1
Info (12021): Found 1 design units, including 1 entities, in source file core.v
    Info (12023): Found entity 1: core File: /home/tsapiv/POC/PureFPGA/Verilog_Components/core.v Line: 4
Info (12021): Found 1 design units, including 1 entities, in source file Buffer.v
    Info (12023): Found entity 1: Buffer File: /home/tsapiv/POC/PureFPGA/Verilog_Components/Buffer.v Line: 40
Info (12021): Found 1 design units, including 1 entities, in source file Components.bdf
    Info (12023): Found entity 1: Components
Info (12021): Found 1 design units, including 1 entities, in source file ALU.v
    Info (12023): Found entity 1: alu File: /home/tsapiv/POC/PureFPGA/Verilog_Components/ALU.v Line: 1
Info (12021): Found 1 design units, including 1 entities, in source file MemoryManager.v
    Info (12023): Found entity 1: memory_manager File: /home/tsapiv/POC/PureFPGA/Verilog_Components/MemoryManager.v Line: 1
Info (12021): Found 1 design units, including 1 entities, in source file decoder8.v
    Info (12023): Found entity 1: decoder8 File: /home/tsapiv/POC/PureFPGA/Verilog_Components/decoder8.v Line: 40
Info (12021): Found 1 design units, including 1 entities, in source file decoder64.v
    Info (12023): Found entity 1: decoder64 File: /home/tsapiv/POC/PureFPGA/Verilog_Components/decoder64.v Line: 40
Info (12021): Found 1 design units, including 1 entities, in source file BufferManager.v
    Info (12023): Found entity 1: buffer_manager File: /home/tsapiv/POC/PureFPGA/Verilog_Components/BufferManager.v Line: 1
Info (12021): Found 1 design units, including 1 entities, in source file SVGA.v
    Info (12023): Found entity 1: vga File: /home/tsapiv/POC/PureFPGA/Verilog_Components/SVGA.v Line: 1
Info (12021): Found 1 design units, including 1 entities, in source file Clock.v
    Info (12023): Found entity 1: Clock File: /home/tsapiv/POC/PureFPGA/Verilog_Components/Clock.v Line: 8
Info (12021): Found 1 design units, including 1 entities, in source file Clock/Clock_0002.v
    Info (12023): Found entity 1: Clock_0002 File: /home/tsapiv/POC/PureFPGA/Verilog_Components/Clock/Clock_0002.v Line: 2
Warning (10236): Verilog HDL Implicit Net warning at Instruction_Processor.v(43): created implicit net for "cin" File: /home/tsapiv/POC/PureFPGA/Verilog_Components/Instruction_Processor.v Line: 43
Warning (10236): Verilog HDL Implicit Net warning at SM.v(99): created implicit net for "clk" File: /home/tsapiv/POC/PureFPGA/Verilog_Components/SM.v Line: 99
Info (12127): Elaborating entity "Components" for the top level hierarchy
Warning (275011): Block or symbol "vga" of instance "inst5" overlaps another block or symbol
Error (275029): Incorrect connector style at port "core_address[CORE_WIDTH-1..0]" for symbol "inst" of type memory_manager
Error (275029): Incorrect connector style at port "reg_en[NUM_REGS-1..0]" for symbol "inst" of type memory_manager
Error (275029): Incorrect connector style at port "core_en[NUM_CORES-1..0]" for symbol "inst" of type memory_manager
Error (275029): Incorrect connector style at port "data[DATA_WIDTH-1..0]" for symbol "inst" of type memory_manager
Error (275029): Incorrect connector style at port "core_data[CORE_WIDTH-1..0]" for symbol "inst" of type memory_manager
Error (275029): Incorrect connector style at port "x[COORDINATES-1..0]" for symbol "inst1" of type buffer_manager
Error (275029): Incorrect connector style at port "y[COORDINATES-1..0]" for symbol "inst1" of type buffer_manager
Error (275029): Incorrect connector style at port "data[WIDTH-1..0]" for symbol "inst1" of type buffer_manager
Error (275029): Incorrect connector style at port "address[ADDRESS_WIDTH-1..0]" for symbol "inst3" of type SM
Error (275029): Incorrect connector style at port "instruction[INSTRUCTION_WIDTH-1..0]" for symbol "inst3" of type SM
Error (275029): Incorrect connector style at port "bufferAddress[BUFFER_ADDRESS_WIDTH-1..0]" for symbol "inst3" of type SM
Error (275029): Incorrect connector style at port "coreEnable[CORE_NUM-1..0]" for symbol "inst3" of type SM
Error (275029): Incorrect connector style at port "bufferData[DATA_WIDTH-1..0]" for symbol "inst3" of type SM
Error (275029): Incorrect connector style at port "data[DATA_WIDTH-1..0]" for symbol "inst3" of type SM
Error (275029): Incorrect connector style at port "x[9..0]" for symbol "inst5" of type vga
Error (275029): Incorrect connector style at port "y[9..0]" for symbol "inst5" of type vga
Error (275029): Incorrect connector style at port "regData[WIDTH-1..0]" for symbol "inst8" of type InstructionProcessor
Error (275029): Incorrect connector style at port "regChoose[REGS_CODING-1..0]" for symbol "inst8" of type InstructionProcessor
Error (275029): Incorrect connector style at port "ROMData[WIDTH-1..0]" for symbol "inst8" of type InstructionProcessor
Error (275029): Incorrect connector style at port "instructionOut[WIDTH-2..0]" for symbol "inst8" of type InstructionProcessor
Error (275029): Incorrect connector style at port "ROMAddress[WIDTH-1..0]" for symbol "inst8" of type InstructionProcessor
Error (275029): Incorrect connector style at port "address[15..0]" for symbol "inst9" of type ROM
Error (275029): Incorrect connector style at port "q[15..0]" for symbol "inst9" of type ROM
Error (12153): Can't elaborate top-level user hierarchy
Error: Quartus Prime Analysis & Synthesis was unsuccessful. 24 errors, 4 warnings
    Error: Peak virtual memory: 903 megabytes
    Error: Processing ended: Thu Dec 31 18:55:27 2020
    Error: Elapsed time: 00:00:07
    Error: Total CPU time (on all processors): 00:00:21


