Info: Starting: Create block symbol file (.bsf)
Info: qsys-generate /home/yevhen/Downloads/UCU_4_semestr/aks/PureFPGA/MCCP/soc_system.qsys --block-symbol-file --output-directory=/home/yevhen/Downloads/UCU_4_semestr/aks/PureFPGA/MCCP/soc_system --family="Cyclone V" --part=5CSEBA6U23I7
Progress: Loading MCCP/soc_system.qsys
Progress: Reading input file
Progress: Adding ARM_A9_HPS [altera_hps 20.1]
Progress: Parameterizing module ARM_A9_HPS
Progress: Adding alt_vip_cl_cvo_0 [alt_vip_cl_cvo 20.1]
Progress: Parameterizing module alt_vip_cl_cvo_0
Progress: Adding alt_vip_cl_mixer_0 [alt_vip_cl_mixer 20.1]
Progress: Parameterizing module alt_vip_cl_mixer_0
Progress: Adding alt_vip_cl_tpg_0 [alt_vip_cl_tpg 20.1]
Progress: Parameterizing module alt_vip_cl_tpg_0
Progress: Adding alt_vip_cl_tpg_1 [alt_vip_cl_tpg 20.1]
Progress: Parameterizing module alt_vip_cl_tpg_1
Progress: Adding alt_vip_cl_vfb_0 [alt_vip_cl_vfb 20.1]
Progress: Parameterizing module alt_vip_cl_vfb_0
Progress: Adding dma_0 [altera_avalon_dma 20.1]
Progress: Parameterizing module dma_0
Progress: Adding mm_bridge_0 [altera_avalon_mm_bridge 20.1]
Progress: Parameterizing module mm_bridge_0
Progress: Adding pll_0 [altera_pll 20.1]
Progress: Parameterizing module pll_0
Progress: Adding ram_fpga [altera_avalon_onchip_memory2 20.1]
Progress: Parameterizing module ram_fpga
Progress: Adding sys_pll [altera_up_avalon_sys_sdram_pll 18.0]
Progress: Parameterizing module sys_pll
Progress: Adding uku_mac_component_0 [uku_mac_component 1.0]
Progress: Parameterizing module uku_mac_component_0
Progress: Adding video_dma [altera_up_avalon_video_pixel_buffer_dma 18.0]
Progress: Parameterizing module video_dma
Progress: Adding videocard_new_0 [videocard_new 1.0]
Progress: Parameterizing module videocard_new_0
Progress: Building connections
Progress: Parameterizing connections
Progress: Validating
Progress: Done reading input file
Info: soc_system.ARM_A9_HPS: HPS Main PLL counter settings: n = 0  m = 63
Info: soc_system.ARM_A9_HPS: HPS peripherial PLL counter settings: n = 0  m = 39
Info: soc_system.pll_0: The legal reference clock frequency is 5.0 MHz..700.0 MHz
Info: soc_system.pll_0: Able to implement PLL with user settings
Info: soc_system.sys_pll: Refclk Freq: 50.0
Info: qsys-generate succeeded.
Info: Finished: Create block symbol file (.bsf)
Info: 
Info: Starting: Create HDL design files for synthesis
Info: qsys-generate /home/yevhen/Downloads/UCU_4_semestr/aks/PureFPGA/MCCP/soc_system.qsys --synthesis=VERILOG --output-directory=/home/yevhen/Downloads/UCU_4_semestr/aks/PureFPGA/MCCP/soc_system/synthesis --family="Cyclone V" --part=5CSEBA6U23I7
Progress: Loading MCCP/soc_system.qsys
Progress: Reading input file
Progress: Adding ARM_A9_HPS [altera_hps 20.1]
Progress: Parameterizing module ARM_A9_HPS
Progress: Adding alt_vip_cl_cvo_0 [alt_vip_cl_cvo 20.1]
Progress: Parameterizing module alt_vip_cl_cvo_0
Progress: Adding alt_vip_cl_mixer_0 [alt_vip_cl_mixer 20.1]
Progress: Parameterizing module alt_vip_cl_mixer_0
Progress: Adding alt_vip_cl_tpg_0 [alt_vip_cl_tpg 20.1]
Progress: Parameterizing module alt_vip_cl_tpg_0
Progress: Adding alt_vip_cl_tpg_1 [alt_vip_cl_tpg 20.1]
Progress: Parameterizing module alt_vip_cl_tpg_1
Progress: Adding alt_vip_cl_vfb_0 [alt_vip_cl_vfb 20.1]
Progress: Parameterizing module alt_vip_cl_vfb_0
Progress: Adding dma_0 [altera_avalon_dma 20.1]
Progress: Parameterizing module dma_0
Progress: Adding mm_bridge_0 [altera_avalon_mm_bridge 20.1]
Progress: Parameterizing module mm_bridge_0
Progress: Adding pll_0 [altera_pll 20.1]
Progress: Parameterizing module pll_0
Progress: Adding ram_fpga [altera_avalon_onchip_memory2 20.1]
Progress: Parameterizing module ram_fpga
Progress: Adding sys_pll [altera_up_avalon_sys_sdram_pll 18.0]
Progress: Parameterizing module sys_pll
Progress: Adding uku_mac_component_0 [uku_mac_component 1.0]
Progress: Parameterizing module uku_mac_component_0
Progress: Adding video_dma [altera_up_avalon_video_pixel_buffer_dma 18.0]
Progress: Parameterizing module video_dma
Progress: Adding videocard_new_0 [videocard_new 1.0]
Progress: Parameterizing module videocard_new_0
Progress: Building connections
Progress: Parameterizing connections
Progress: Validating
Progress: Done reading input file
Info: soc_system.ARM_A9_HPS: HPS Main PLL counter settings: n = 0  m = 63
Info: soc_system.ARM_A9_HPS: HPS peripherial PLL counter settings: n = 0  m = 39
Info: soc_system.pll_0: The legal reference clock frequency is 5.0 MHz..700.0 MHz
Info: soc_system.pll_0: Able to implement PLL with user settings
Info: soc_system.sys_pll: Refclk Freq: 50.0
Info: soc_system: Generating soc_system "soc_system" for QUARTUS_SYNTH
Info: Interconnect is inserted between master ARM_A9_HPS.h2f_axi_master and slave videocard_new_0.memory_main because the master is of type axi and the slave is of type avalon.
Info: Interconnect is inserted between master ARM_A9_HPS.h2f_axi_master and slave videocard_new_0.memory_main because they have different clock source.
Info: Inserting clock-crossing logic between cmd_demux.src0 and cmd_mux.sink0
Info: Inserting clock-crossing logic between cmd_demux_001.src0 and cmd_mux.sink1
Info: Inserting clock-crossing logic between rsp_demux.src0 and rsp_mux.sink0
Info: Inserting clock-crossing logic between rsp_demux.src1 and rsp_mux_001.sink0
Info: Interconnect is inserted between master ARM_A9_HPS.h2f_lw_axi_master and slave videocard_new_0.memory_control because the master is of type axi and the slave is of type avalon.
Info: Interconnect is inserted between master ARM_A9_HPS.h2f_lw_axi_master and slave videocard_new_0.memory_control because they have different clock source.
Info: Inserting clock-crossing logic between cmd_demux.src0 and cmd_mux.sink0
Info: Inserting clock-crossing logic between cmd_demux_001.src0 and cmd_mux.sink1
Info: Inserting clock-crossing logic between rsp_demux.src0 and rsp_mux.sink0
Info: Inserting clock-crossing logic between rsp_demux.src1 and rsp_mux_001.sink0
Info: ARM_A9_HPS: "Running  for module: ARM_A9_HPS"
Info: ARM_A9_HPS: HPS Main PLL counter settings: n = 0  m = 63
Info: ARM_A9_HPS: HPS peripherial PLL counter settings: n = 0  m = 39
Info: ARM_A9_HPS: "soc_system" instantiated altera_hps "ARM_A9_HPS"
Info: pll_0: "soc_system" instantiated altera_pll "pll_0"
Info: sys_pll: "soc_system" instantiated altera_up_avalon_sys_sdram_pll "sys_pll"
Info: videocard_new_0: "soc_system" instantiated videocard_new "videocard_new_0"
Info: avalon_st_adapter: Inserting error_adapter: error_adapter_0
Info: mm_interconnect_0: "soc_system" instantiated altera_mm_interconnect "mm_interconnect_0"
Info: avalon_st_adapter: Inserting error_adapter: error_adapter_0
Info: mm_interconnect_1: "soc_system" instantiated altera_mm_interconnect "mm_interconnect_1"
Info: rst_controller: "soc_system" instantiated altera_reset_controller "rst_controller"
Info: fpga_interfaces: "ARM_A9_HPS" instantiated altera_interface_generator "fpga_interfaces"
Info: hps_io: "ARM_A9_HPS" instantiated altera_hps_io "hps_io"
Info: sys_pll: "sys_pll" instantiated altera_pll "sys_pll"
Info: reset_from_locked: "sys_pll" instantiated altera_up_avalon_reset_from_locked_signal "reset_from_locked"
Info: videocard_new_0_memory_main_translator: "mm_interconnect_0" instantiated altera_merlin_slave_translator "videocard_new_0_memory_main_translator"
Info: ARM_A9_HPS_h2f_axi_master_agent: "mm_interconnect_0" instantiated altera_merlin_axi_master_ni "ARM_A9_HPS_h2f_axi_master_agent"
Info: videocard_new_0_memory_main_agent: "mm_interconnect_0" instantiated altera_merlin_slave_agent "videocard_new_0_memory_main_agent"
Info: videocard_new_0_memory_main_agent_rsp_fifo: "mm_interconnect_0" instantiated altera_avalon_sc_fifo "videocard_new_0_memory_main_agent_rsp_fifo"
Info: router: "mm_interconnect_0" instantiated altera_merlin_router "router"
Info: router_002: "mm_interconnect_0" instantiated altera_merlin_router "router_002"
Info: videocard_new_0_memory_main_burst_adapter: "mm_interconnect_0" instantiated altera_merlin_burst_adapter "videocard_new_0_memory_main_burst_adapter"
Info: Reusing file /home/yevhen/Downloads/UCU_4_semestr/aks/PureFPGA/MCCP/soc_system/synthesis/submodules/altera_merlin_address_alignment.sv
Info: cmd_demux: "mm_interconnect_0" instantiated altera_merlin_demultiplexer "cmd_demux"
Info: cmd_mux: "mm_interconnect_0" instantiated altera_merlin_multiplexer "cmd_mux"
Info: rsp_demux: "mm_interconnect_0" instantiated altera_merlin_demultiplexer "rsp_demux"
Info: rsp_mux: "mm_interconnect_0" instantiated altera_merlin_multiplexer "rsp_mux"
Info: Reusing file /home/yevhen/Downloads/UCU_4_semestr/aks/PureFPGA/MCCP/soc_system/synthesis/submodules/altera_merlin_arbitrator.sv
Info: videocard_new_0_memory_main_rsp_width_adapter: "mm_interconnect_0" instantiated altera_merlin_width_adapter "videocard_new_0_memory_main_rsp_width_adapter"
Info: Reusing file /home/yevhen/Downloads/UCU_4_semestr/aks/PureFPGA/MCCP/soc_system/synthesis/submodules/altera_merlin_address_alignment.sv
Info: Reusing file /home/yevhen/Downloads/UCU_4_semestr/aks/PureFPGA/MCCP/soc_system/synthesis/submodules/altera_merlin_burst_uncompressor.sv
Info: crosser: "mm_interconnect_0" instantiated altera_avalon_st_handshake_clock_crosser "crosser"
Info: Reusing file /home/yevhen/Downloads/UCU_4_semestr/aks/PureFPGA/MCCP/soc_system/synthesis/submodules/altera_avalon_st_pipeline_base.v
Info: avalon_st_adapter: "mm_interconnect_0" instantiated altera_avalon_st_adapter "avalon_st_adapter"
Info: router: "mm_interconnect_1" instantiated altera_merlin_router "router"
Info: router_002: "mm_interconnect_1" instantiated altera_merlin_router "router_002"
Info: cmd_demux: "mm_interconnect_1" instantiated altera_merlin_demultiplexer "cmd_demux"
Info: cmd_mux: "mm_interconnect_1" instantiated altera_merlin_multiplexer "cmd_mux"
Info: Reusing file /home/yevhen/Downloads/UCU_4_semestr/aks/PureFPGA/MCCP/soc_system/synthesis/submodules/altera_merlin_arbitrator.sv
Info: rsp_demux: "mm_interconnect_1" instantiated altera_merlin_demultiplexer "rsp_demux"
Info: rsp_mux: "mm_interconnect_1" instantiated altera_merlin_multiplexer "rsp_mux"
Info: Reusing file /home/yevhen/Downloads/UCU_4_semestr/aks/PureFPGA/MCCP/soc_system/synthesis/submodules/altera_merlin_arbitrator.sv
Info: avalon_st_adapter: "mm_interconnect_1" instantiated altera_avalon_st_adapter "avalon_st_adapter"
Info: border: "hps_io" instantiated altera_interface_generator "border"
Info: error_adapter_0: "avalon_st_adapter" instantiated error_adapter "error_adapter_0"
Info: error_adapter_0: "avalon_st_adapter" instantiated error_adapter "error_adapter_0"
Info: soc_system: Done "soc_system" with 36 modules, 97 files
Info: qsys-generate succeeded.
Info: Finished: Create HDL design files for synthesis
