Assembler report for ucu_gpu
Fri Mar 26 17:44:15 2021
Quartus Prime Version 20.1.1 Build 720 11/11/2020 SJ Lite Edition


---------------------
; Table of Contents ;
---------------------
  1. Legal Notice
  2. Assembler Summary
  3. Assembler Settings
  4. Assembler Encrypted IP Cores Summary
  5. Assembler Generated Files
  6. Assembler Device Options: ucu_gpu_time_limited.sof
  7. Assembler Messages



----------------
; Legal Notice ;
----------------
Copyright (C) 2020  Intel Corporation. All rights reserved.
Your use of Intel Corporation's design tools, logic functions 
and other software and tools, and any partner logic 
functions, and any output files from any of the foregoing 
(including device programming or simulation files), and any 
associated documentation or information are expressly subject 
to the terms and conditions of the Intel Program License 
Subscription Agreement, the Intel Quartus Prime License Agreement,
the Intel FPGA IP License Agreement, or other applicable license
agreement, including, without limitation, that your use is for
the sole purpose of programming logic devices manufactured by
Intel and sold by Intel or its authorized distributors.  Please
refer to the applicable agreement for further details, at
https://fpgasoftware.intel.com/eula.



+---------------------------------------------------------------+
; Assembler Summary                                             ;
+-----------------------+---------------------------------------+
; Assembler Status      ; Successful - Fri Mar 26 17:44:15 2021 ;
; Revision Name         ; ucu_gpu                               ;
; Top-level Entity Name ; ucu_gpu_top                           ;
; Family                ; Cyclone V                             ;
; Device                ; 5CSEBA6U23I7                          ;
+-----------------------+---------------------------------------+


+----------------------------------+
; Assembler Settings               ;
+--------+---------+---------------+
; Option ; Setting ; Default Value ;
+--------+---------+---------------+


+-----------------------------------------------------------------------+
; Assembler Encrypted IP Cores Summary                                  ;
+--------+----------------------------------------------+---------------+
; Vendor ; IP Core Name                                 ; License Type  ;
+--------+----------------------------------------------+---------------+
; Altera ; Video and Image Processing Suite (6AF7 00EE) ; OpenCore Plus ;
; Altera ; Signal Tap (6AF7 BCE1)                       ; Licensed      ;
; Altera ; Signal Tap (6AF7 BCEC)                       ; Licensed      ;
; Altera ; Unknown (6AF7 FFFF)                          ; Licensed      ;
+--------+----------------------------------------------+---------------+


+----------------------------------------------------------------------------------------------+
; Assembler Generated Files                                                                    ;
+----------------------------------------------------------------------------------------------+
; File Name                                                                                    ;
+----------------------------------------------------------------------------------------------+
; /home/yevhen/Downloads/UCU_4_semestr/aks/PureFPGA/MCCP/output_files/ucu_gpu_time_limited.sof ;
+----------------------------------------------------------------------------------------------+


+----------------------------------------------------+
; Assembler Device Options: ucu_gpu_time_limited.sof ;
+----------------+-----------------------------------+
; Option         ; Setting                           ;
+----------------+-----------------------------------+
; JTAG usercode  ; 0x0AFFE199                        ;
; Checksum       ; 0x0AFFE199                        ;
+----------------+-----------------------------------+


+--------------------+
; Assembler Messages ;
+--------------------+
Info: *******************************************************************
Info: Running Quartus Prime Assembler
    Info: Version 20.1.1 Build 720 11/11/2020 SJ Lite Edition
    Info: Processing started: Fri Mar 26 17:43:42 2021
Info: Command: quartus_asm --read_settings_files=off --write_settings_files=off ucu_gpu -c ucu_gpu
Warning (18236): Number of processors has not been specified which may cause overloading on shared machines.  Set the global assignment NUM_PARALLEL_PROCESSORS in your QSF to an appropriate value for best performance.
Info (115030): Assembler is generating device programming files
Info (115017): Design contains a time-limited core -- only a single, time-limited programming file can be generated
Warning (210042): Can't convert time-limited SOF into POF, HEX File, TTF, or RBF
Warning (210039): File /home/yevhen/Downloads/UCU_4_semestr/aks/PureFPGA/MCCP/output_files/ucu_gpu_time_limited.sof contains one or more time-limited megafunctions that support the Intel FPGA IP Evaluation Mode feature that will not work after the hardware evaluation time expires. Refer to the Messages window for evaluation time details.
Info (210040): SRAM Object File /home/yevhen/Downloads/UCU_4_semestr/aks/PureFPGA/MCCP/output_files/ucu_gpu_time_limited.sof contains time-limited megafunction that supports Intel FPGA IP Evaluation Mode feature -- Vendor: 0x6AF7, Product: 0x00EE
Info (11878): Hard Processor Subsystem configuration has not changed and a Preloader software update is not required
Info: Quartus Prime Assembler was successful. 0 errors, 3 warnings
    Info: Peak virtual memory: 796 megabytes
    Info: Processing ended: Fri Mar 26 17:44:16 2021
    Info: Elapsed time: 00:00:34
    Info: Total CPU time (on all processors): 00:00:34


